{"/Users/adam/Documents/GitHub/unit-test_examples/controllers/login.controller.js":{"path":"/Users/adam/Documents/GitHub/unit-test_examples/controllers/login.controller.js","statementMap":{"0":{"start":{"line":5,"column":4},"end":{"line":5,"column":21}},"1":{"start":{"line":9,"column":4},"end":{"line":9,"column":39}},"2":{"start":{"line":13,"column":4},"end":{"line":15,"column":10}},"3":{"start":{"line":14,"column":6},"end":{"line":14,"column":43}},"4":{"start":{"line":19,"column":4},"end":{"line":21,"column":7}},"5":{"start":{"line":20,"column":8},"end":{"line":20,"column":73}},"6":{"start":{"line":20,"column":30},"end":{"line":20,"column":66}},"7":{"start":{"line":24,"column":2},"end":{"line":29,"column":3}},"8":{"start":{"line":33,"column":0},"end":{"line":33,"column":35}}},"fnMap":{"0":{"name":"LoginController","decl":{"start":{"line":1,"column":9},"end":{"line":1,"column":24}},"loc":{"start":{"line":1,"column":27},"end":{"line":31,"column":1}},"line":1},"1":{"name":"loadUserList","decl":{"start":{"line":4,"column":11},"end":{"line":4,"column":23}},"loc":{"start":{"line":4,"column":30},"end":{"line":6,"column":3}},"line":4},"2":{"name":"isValidUserId","decl":{"start":{"line":8,"column":11},"end":{"line":8,"column":24}},"loc":{"start":{"line":8,"column":31},"end":{"line":10,"column":3}},"line":8},"3":{"name":"isValidUserIdAsync","decl":{"start":{"line":12,"column":11},"end":{"line":12,"column":29}},"loc":{"start":{"line":12,"column":46},"end":{"line":16,"column":3}},"line":12},"4":{"name":"(anonymous_4)","decl":{"start":{"line":13,"column":15},"end":{"line":13,"column":16}},"loc":{"start":{"line":13,"column":25},"end":{"line":15,"column":5}},"line":13},"5":{"name":"isAuthorizedPromise","decl":{"start":{"line":18,"column":11},"end":{"line":18,"column":30}},"loc":{"start":{"line":18,"column":36},"end":{"line":22,"column":3}},"line":18},"6":{"name":"(anonymous_6)","decl":{"start":{"line":19,"column":23},"end":{"line":19,"column":24}},"loc":{"start":{"line":19,"column":40},"end":{"line":21,"column":5}},"line":19},"7":{"name":"(anonymous_7)","decl":{"start":{"line":20,"column":19},"end":{"line":20,"column":20}},"loc":{"start":{"line":20,"column":29},"end":{"line":20,"column":67}},"line":20}},"branchMap":{},"s":{"0":284,"1":2,"2":1,"3":1,"4":1,"5":1,"6":1,"7":1,"8":1},"f":{"0":1,"1":284,"2":2,"3":1,"4":1,"5":1,"6":1,"7":1},"b":{},"_coverageSchema":"d34fc3e6b8297bcde183f5492bcb8fcb36775295","hash":"7b16ea8b04db0d8ddaf37adff523d2e59d379d0a","contentHash":"9d40f3446d00210e0670a6ff6be92948_12.0.2"},"/Users/adam/Documents/GitHub/unit-test_examples/lib/table.js":{"path":"/Users/adam/Documents/GitHub/unit-test_examples/lib/table.js","statementMap":{"0":{"start":{"line":3,"column":10},"end":{"line":3,"column":27}},"1":{"start":{"line":4,"column":13},"end":{"line":4,"column":30}},"2":{"start":{"line":5,"column":14},"end":{"line":5,"column":32}},"3":{"start":{"line":6,"column":13},"end":{"line":6,"column":30}},"4":{"start":{"line":7,"column":21},"end":{"line":7,"column":51}},"5":{"start":{"line":8,"column":14},"end":{"line":8,"column":30}},"6":{"start":{"line":9,"column":14},"end":{"line":9,"column":32}},"7":{"start":{"line":10,"column":21},"end":{"line":10,"column":46}},"8":{"start":{"line":11,"column":20},"end":{"line":11,"column":44}},"9":{"start":{"line":13,"column":18},"end":{"line":13,"column":20}},"10":{"start":{"line":15,"column":14},"end":{"line":27,"column":1}},"11":{"start":{"line":16,"column":2},"end":{"line":16,"column":31}},"12":{"start":{"line":17,"column":2},"end":{"line":17,"column":23}},"13":{"start":{"line":18,"column":2},"end":{"line":18,"column":31}},"14":{"start":{"line":19,"column":2},"end":{"line":19,"column":29}},"15":{"start":{"line":20,"column":2},"end":{"line":20,"column":20}},"16":{"start":{"line":22,"column":2},"end":{"line":22,"column":36}},"17":{"start":{"line":23,"column":2},"end":{"line":23,"column":51}},"18":{"start":{"line":25,"column":2},"end":{"line":25,"column":35}},"19":{"start":{"line":26,"column":2},"end":{"line":26,"column":48}},"20":{"start":{"line":29,"column":0},"end":{"line":37,"column":2}},"21":{"start":{"line":30,"column":15},"end":{"line":30,"column":19}},"22":{"start":{"line":32,"column":2},"end":{"line":36,"column":3}},"23":{"start":{"line":33,"column":4},"end":{"line":33,"column":39}},"24":{"start":{"line":35,"column":4},"end":{"line":35,"column":33}},"25":{"start":{"line":39,"column":0},"end":{"line":49,"column":2}},"26":{"start":{"line":40,"column":2},"end":{"line":48,"column":3}},"27":{"start":{"line":41,"column":4},"end":{"line":45,"column":5}},"28":{"start":{"line":42,"column":6},"end":{"line":42,"column":46}},"29":{"start":{"line":44,"column":6},"end":{"line":44,"column":35}},"30":{"start":{"line":47,"column":4},"end":{"line":47,"column":28}},"31":{"start":{"line":51,"column":0},"end":{"line":75,"column":2}},"32":{"start":{"line":52,"column":15},"end":{"line":52,"column":19}},"33":{"start":{"line":55,"column":2},"end":{"line":59,"column":3}},"34":{"start":{"line":56,"column":4},"end":{"line":56,"column":28}},"35":{"start":{"line":57,"column":9},"end":{"line":59,"column":3}},"36":{"start":{"line":58,"column":4},"end":{"line":58,"column":36}},"37":{"start":{"line":61,"column":20},"end":{"line":61,"column":30}},"38":{"start":{"line":63,"column":2},"end":{"line":63,"column":81}},"39":{"start":{"line":64,"column":2},"end":{"line":74,"column":5}},"40":{"start":{"line":65,"column":20},"end":{"line":65,"column":42}},"41":{"start":{"line":67,"column":4},"end":{"line":73,"column":5}},"42":{"start":{"line":68,"column":6},"end":{"line":68,"column":77}},"43":{"start":{"line":69,"column":6},"end":{"line":69,"column":27}},"44":{"start":{"line":71,"column":6},"end":{"line":71,"column":98}},"45":{"start":{"line":72,"column":6},"end":{"line":72,"column":34}},"46":{"start":{"line":77,"column":0},"end":{"line":112,"column":2}},"47":{"start":{"line":78,"column":15},"end":{"line":78,"column":19}},"48":{"start":{"line":80,"column":2},"end":{"line":91,"column":3}},"49":{"start":{"line":81,"column":4},"end":{"line":81,"column":23}},"50":{"start":{"line":82,"column":4},"end":{"line":82,"column":23}},"51":{"start":{"line":83,"column":4},"end":{"line":83,"column":20}},"52":{"start":{"line":84,"column":9},"end":{"line":91,"column":3}},"53":{"start":{"line":85,"column":4},"end":{"line":85,"column":24}},"54":{"start":{"line":86,"column":4},"end":{"line":86,"column":17}},"55":{"start":{"line":87,"column":4},"end":{"line":87,"column":20}},"56":{"start":{"line":88,"column":9},"end":{"line":91,"column":3}},"57":{"start":{"line":89,"column":4},"end":{"line":89,"column":23}},"58":{"start":{"line":90,"column":4},"end":{"line":90,"column":17}},"59":{"start":{"line":93,"column":15},"end":{"line":96,"column":3}},"60":{"start":{"line":98,"column":2},"end":{"line":98,"column":40}},"61":{"start":{"line":100,"column":2},"end":{"line":111,"column":5}},"62":{"start":{"line":101,"column":4},"end":{"line":103,"column":5}},"63":{"start":{"line":102,"column":6},"end":{"line":102,"column":27}},"64":{"start":{"line":105,"column":15},"end":{"line":105,"column":19}},"65":{"start":{"line":106,"column":4},"end":{"line":108,"column":5}},"66":{"start":{"line":107,"column":6},"end":{"line":107,"column":71}},"67":{"start":{"line":110,"column":4},"end":{"line":110,"column":32}},"68":{"start":{"line":114,"column":0},"end":{"line":118,"column":2}},"69":{"start":{"line":115,"column":20},"end":{"line":115,"column":49}},"70":{"start":{"line":117,"column":2},"end":{"line":117,"column":65}},"71":{"start":{"line":120,"column":0},"end":{"line":136,"column":2}},"72":{"start":{"line":121,"column":15},"end":{"line":121,"column":19}},"73":{"start":{"line":123,"column":2},"end":{"line":126,"column":3}},"74":{"start":{"line":124,"column":4},"end":{"line":124,"column":23}},"75":{"start":{"line":125,"column":4},"end":{"line":125,"column":17}},"76":{"start":{"line":128,"column":2},"end":{"line":128,"column":32}},"77":{"start":{"line":129,"column":2},"end":{"line":129,"column":26}},"78":{"start":{"line":131,"column":2},"end":{"line":135,"column":3}},"79":{"start":{"line":132,"column":4},"end":{"line":132,"column":103}},"80":{"start":{"line":132,"column":40},"end":{"line":132,"column":91}},"81":{"start":{"line":134,"column":4},"end":{"line":134,"column":63}},"82":{"start":{"line":138,"column":0},"end":{"line":201,"column":2}},"83":{"start":{"line":139,"column":15},"end":{"line":139,"column":20}},"84":{"start":{"line":141,"column":16},"end":{"line":151,"column":3}},"85":{"start":{"line":142,"column":17},"end":{"line":142,"column":48}},"86":{"start":{"line":144,"column":22},"end":{"line":144,"column":93}},"87":{"start":{"line":146,"column":4},"end":{"line":148,"column":5}},"88":{"start":{"line":147,"column":6},"end":{"line":147,"column":49}},"89":{"start":{"line":150,"column":4},"end":{"line":150,"column":32}},"90":{"start":{"line":153,"column":2},"end":{"line":200,"column":5}},"91":{"start":{"line":154,"column":4},"end":{"line":156,"column":5}},"92":{"start":{"line":155,"column":6},"end":{"line":155,"column":27}},"93":{"start":{"line":158,"column":19},"end":{"line":158,"column":45}},"94":{"start":{"line":160,"column":4},"end":{"line":163,"column":5}},"95":{"start":{"line":161,"column":6},"end":{"line":161,"column":78}},"96":{"start":{"line":162,"column":6},"end":{"line":162,"column":36}},"97":{"start":{"line":165,"column":18},"end":{"line":165,"column":39}},"98":{"start":{"line":167,"column":17},"end":{"line":170,"column":5}},"99":{"start":{"line":172,"column":4},"end":{"line":175,"column":5}},"100":{"start":{"line":173,"column":6},"end":{"line":173,"column":65}},"101":{"start":{"line":174,"column":6},"end":{"line":174,"column":44}},"102":{"start":{"line":177,"column":4},"end":{"line":184,"column":5}},"103":{"start":{"line":178,"column":23},"end":{"line":181,"column":20}},"104":{"start":{"line":179,"column":8},"end":{"line":179,"column":60}},"105":{"start":{"line":180,"column":8},"end":{"line":180,"column":22}},"106":{"start":{"line":183,"column":6},"end":{"line":183,"column":57}},"107":{"start":{"line":186,"column":4},"end":{"line":186,"column":43}},"108":{"start":{"line":188,"column":4},"end":{"line":188,"column":42}},"109":{"start":{"line":190,"column":4},"end":{"line":199,"column":7}},"110":{"start":{"line":191,"column":6},"end":{"line":193,"column":7}},"111":{"start":{"line":192,"column":8},"end":{"line":192,"column":29}},"112":{"start":{"line":195,"column":19},"end":{"line":195,"column":39}},"113":{"start":{"line":196,"column":6},"end":{"line":196,"column":39}},"114":{"start":{"line":198,"column":6},"end":{"line":198,"column":34}},"115":{"start":{"line":203,"column":0},"end":{"line":231,"column":2}},"116":{"start":{"line":204,"column":14},"end":{"line":204,"column":65}},"117":{"start":{"line":206,"column":2},"end":{"line":216,"column":3}},"118":{"start":{"line":207,"column":19},"end":{"line":207,"column":62}},"119":{"start":{"line":209,"column":4},"end":{"line":215,"column":24}},"120":{"start":{"line":210,"column":6},"end":{"line":212,"column":7}},"121":{"start":{"line":211,"column":8},"end":{"line":211,"column":46}},"122":{"start":{"line":214,"column":6},"end":{"line":214,"column":20}},"123":{"start":{"line":218,"column":2},"end":{"line":220,"column":3}},"124":{"start":{"line":219,"column":4},"end":{"line":219,"column":76}},"125":{"start":{"line":222,"column":2},"end":{"line":224,"column":3}},"126":{"start":{"line":223,"column":4},"end":{"line":223,"column":91}},"127":{"start":{"line":226,"column":2},"end":{"line":230,"column":5}},"128":{"start":{"line":233,"column":0},"end":{"line":285,"column":2}},"129":{"start":{"line":234,"column":17},"end":{"line":234,"column":19}},"130":{"start":{"line":235,"column":16},"end":{"line":235,"column":18}},"131":{"start":{"line":238,"column":27},"end":{"line":238,"column":51}},"132":{"start":{"line":241,"column":29},"end":{"line":241,"column":90}},"133":{"start":{"line":241,"column":49},"end":{"line":241,"column":89}},"134":{"start":{"line":244,"column":27},"end":{"line":247,"column":3}},"135":{"start":{"line":250,"column":28},"end":{"line":253,"column":3}},"136":{"start":{"line":255,"column":2},"end":{"line":265,"column":3}},"137":{"start":{"line":256,"column":19},"end":{"line":260,"column":5}},"138":{"start":{"line":258,"column":11},"end":{"line":259,"column":71}},"139":{"start":{"line":261,"column":4},"end":{"line":264,"column":5}},"140":{"start":{"line":262,"column":6},"end":{"line":262,"column":28}},"141":{"start":{"line":263,"column":6},"end":{"line":263,"column":27}},"142":{"start":{"line":268,"column":27},"end":{"line":271,"column":3}},"143":{"start":{"line":273,"column":2},"end":{"line":282,"column":3}},"144":{"start":{"line":274,"column":19},"end":{"line":277,"column":5}},"145":{"start":{"line":276,"column":11},"end":{"line":276,"column":44}},"146":{"start":{"line":278,"column":4},"end":{"line":281,"column":5}},"147":{"start":{"line":279,"column":6},"end":{"line":279,"column":28}},"148":{"start":{"line":280,"column":6},"end":{"line":280,"column":27}},"149":{"start":{"line":284,"column":2},"end":{"line":284,"column":16}},"150":{"start":{"line":287,"column":0},"end":{"line":289,"column":2}},"151":{"start":{"line":288,"column":2},"end":{"line":288,"column":42}},"152":{"start":{"line":291,"column":0},"end":{"line":369,"column":2}},"153":{"start":{"line":292,"column":15},"end":{"line":292,"column":19}},"154":{"start":{"line":294,"column":2},"end":{"line":297,"column":3}},"155":{"start":{"line":295,"column":4},"end":{"line":295,"column":23}},"156":{"start":{"line":296,"column":4},"end":{"line":296,"column":17}},"157":{"start":{"line":299,"column":2},"end":{"line":299,"column":32}},"158":{"start":{"line":300,"column":2},"end":{"line":300,"column":26}},"159":{"start":{"line":302,"column":27},"end":{"line":302,"column":76}},"160":{"start":{"line":303,"column":2},"end":{"line":308,"column":3}},"161":{"start":{"line":304,"column":4},"end":{"line":307,"column":8}},"162":{"start":{"line":310,"column":16},"end":{"line":318,"column":3}},"163":{"start":{"line":311,"column":22},"end":{"line":311,"column":93}},"164":{"start":{"line":313,"column":4},"end":{"line":315,"column":5}},"165":{"start":{"line":314,"column":6},"end":{"line":314,"column":49}},"166":{"start":{"line":317,"column":4},"end":{"line":317,"column":32}},"167":{"start":{"line":320,"column":2},"end":{"line":368,"column":5}},"168":{"start":{"line":321,"column":4},"end":{"line":323,"column":5}},"169":{"start":{"line":322,"column":6},"end":{"line":322,"column":27}},"170":{"start":{"line":325,"column":20},"end":{"line":325,"column":45}},"171":{"start":{"line":326,"column":19},"end":{"line":326,"column":45}},"172":{"start":{"line":328,"column":4},"end":{"line":330,"column":5}},"173":{"start":{"line":329,"column":6},"end":{"line":329,"column":22}},"174":{"start":{"line":332,"column":17},"end":{"line":336,"column":5}},"175":{"start":{"line":338,"column":14},"end":{"line":338,"column":18}},"176":{"start":{"line":339,"column":4},"end":{"line":343,"column":5}},"177":{"start":{"line":340,"column":6},"end":{"line":340,"column":68}},"178":{"start":{"line":342,"column":6},"end":{"line":342,"column":25}},"179":{"start":{"line":345,"column":4},"end":{"line":345,"column":35}},"180":{"start":{"line":347,"column":4},"end":{"line":349,"column":5}},"181":{"start":{"line":348,"column":6},"end":{"line":348,"column":65}},"182":{"start":{"line":351,"column":31},"end":{"line":351,"column":137}},"183":{"start":{"line":353,"column":4},"end":{"line":353,"column":85}},"184":{"start":{"line":355,"column":4},"end":{"line":367,"column":7}},"185":{"start":{"line":356,"column":6},"end":{"line":358,"column":7}},"186":{"start":{"line":357,"column":8},"end":{"line":357,"column":29}},"187":{"start":{"line":360,"column":19},"end":{"line":360,"column":23}},"188":{"start":{"line":361,"column":6},"end":{"line":363,"column":7}},"189":{"start":{"line":362,"column":8},"end":{"line":362,"column":81}},"190":{"start":{"line":365,"column":6},"end":{"line":365,"column":41}},"191":{"start":{"line":366,"column":6},"end":{"line":366,"column":36}},"192":{"start":{"line":371,"column":0},"end":{"line":400,"column":2}},"193":{"start":{"line":372,"column":2},"end":{"line":399,"column":5}},"194":{"start":{"line":374,"column":24},"end":{"line":374,"column":28}},"195":{"start":{"line":376,"column":30},"end":{"line":376,"column":70}},"196":{"start":{"line":378,"column":4},"end":{"line":388,"column":5}},"197":{"start":{"line":379,"column":6},"end":{"line":379,"column":36}},"198":{"start":{"line":380,"column":11},"end":{"line":388,"column":5}},"199":{"start":{"line":381,"column":6},"end":{"line":381,"column":40}},"200":{"start":{"line":382,"column":11},"end":{"line":388,"column":5}},"201":{"start":{"line":383,"column":6},"end":{"line":383,"column":22}},"202":{"start":{"line":384,"column":6},"end":{"line":384,"column":39}},"203":{"start":{"line":386,"column":6},"end":{"line":386,"column":21}},"204":{"start":{"line":387,"column":6},"end":{"line":387,"column":26}},"205":{"start":{"line":390,"column":22},"end":{"line":390,"column":110}},"206":{"start":{"line":391,"column":4},"end":{"line":391,"column":109}},"207":{"start":{"line":392,"column":4},"end":{"line":392,"column":112}},"208":{"start":{"line":394,"column":4},"end":{"line":398,"column":5}},"209":{"start":{"line":395,"column":6},"end":{"line":395,"column":96}},"210":{"start":{"line":397,"column":6},"end":{"line":397,"column":62}},"211":{"start":{"line":402,"column":0},"end":{"line":461,"column":2}},"212":{"start":{"line":403,"column":15},"end":{"line":403,"column":19}},"213":{"start":{"line":405,"column":2},"end":{"line":420,"column":3}},"214":{"start":{"line":406,"column":4},"end":{"line":406,"column":23}},"215":{"start":{"line":407,"column":4},"end":{"line":407,"column":23}},"216":{"start":{"line":408,"column":4},"end":{"line":408,"column":20}},"217":{"start":{"line":409,"column":9},"end":{"line":420,"column":3}},"218":{"start":{"line":410,"column":4},"end":{"line":410,"column":24}},"219":{"start":{"line":411,"column":4},"end":{"line":411,"column":17}},"220":{"start":{"line":412,"column":4},"end":{"line":412,"column":20}},"221":{"start":{"line":413,"column":9},"end":{"line":420,"column":3}},"222":{"start":{"line":414,"column":4},"end":{"line":414,"column":23}},"223":{"start":{"line":415,"column":4},"end":{"line":415,"column":23}},"224":{"start":{"line":416,"column":4},"end":{"line":416,"column":20}},"225":{"start":{"line":417,"column":9},"end":{"line":420,"column":3}},"226":{"start":{"line":418,"column":4},"end":{"line":418,"column":23}},"227":{"start":{"line":419,"column":4},"end":{"line":419,"column":17}},"228":{"start":{"line":422,"column":2},"end":{"line":422,"column":32}},"229":{"start":{"line":423,"column":2},"end":{"line":423,"column":26}},"230":{"start":{"line":425,"column":2},"end":{"line":433,"column":3}},"231":{"start":{"line":426,"column":4},"end":{"line":426,"column":45}},"232":{"start":{"line":428,"column":4},"end":{"line":430,"column":5}},"233":{"start":{"line":429,"column":6},"end":{"line":429,"column":22}},"234":{"start":{"line":432,"column":4},"end":{"line":432,"column":43}},"235":{"start":{"line":435,"column":15},"end":{"line":438,"column":3}},"236":{"start":{"line":440,"column":2},"end":{"line":444,"column":3}},"237":{"start":{"line":441,"column":4},"end":{"line":441,"column":63}},"238":{"start":{"line":443,"column":4},"end":{"line":443,"column":28}},"239":{"start":{"line":446,"column":2},"end":{"line":446,"column":40}},"240":{"start":{"line":448,"column":2},"end":{"line":460,"column":5}},"241":{"start":{"line":449,"column":4},"end":{"line":451,"column":5}},"242":{"start":{"line":450,"column":6},"end":{"line":450,"column":27}},"243":{"start":{"line":453,"column":15},"end":{"line":453,"column":19}},"244":{"start":{"line":454,"column":4},"end":{"line":456,"column":5}},"245":{"start":{"line":455,"column":6},"end":{"line":455,"column":77}},"246":{"start":{"line":458,"column":4},"end":{"line":458,"column":38}},"247":{"start":{"line":459,"column":4},"end":{"line":459,"column":32}},"248":{"start":{"line":463,"column":0},"end":{"line":467,"column":2}},"249":{"start":{"line":464,"column":15},"end":{"line":464,"column":19}},"250":{"start":{"line":466,"column":2},"end":{"line":466,"column":51}},"251":{"start":{"line":469,"column":0},"end":{"line":473,"column":2}},"252":{"start":{"line":470,"column":15},"end":{"line":470,"column":19}},"253":{"start":{"line":472,"column":2},"end":{"line":472,"column":41}},"254":{"start":{"line":475,"column":0},"end":{"line":479,"column":2}},"255":{"start":{"line":476,"column":15},"end":{"line":476,"column":19}},"256":{"start":{"line":478,"column":2},"end":{"line":478,"column":64}},"257":{"start":{"line":482,"column":0},"end":{"line":501,"column":2}},"258":{"start":{"line":482,"column":50},"end":{"line":501,"column":1}},"259":{"start":{"line":483,"column":2},"end":{"line":485,"column":3}},"260":{"start":{"line":484,"column":4},"end":{"line":484,"column":25}},"261":{"start":{"line":487,"column":17},"end":{"line":487,"column":19}},"262":{"start":{"line":488,"column":2},"end":{"line":492,"column":3}},"263":{"start":{"line":489,"column":4},"end":{"line":489,"column":95}},"264":{"start":{"line":489,"column":42},"end":{"line":489,"column":93}},"265":{"start":{"line":491,"column":4},"end":{"line":491,"column":22}},"266":{"start":{"line":494,"column":2},"end":{"line":498,"column":3}},"267":{"start":{"line":495,"column":4},"end":{"line":495,"column":52}},"268":{"start":{"line":497,"column":4},"end":{"line":497,"column":33}},"269":{"start":{"line":500,"column":2},"end":{"line":500,"column":51}},"270":{"start":{"line":503,"column":0},"end":{"line":507,"column":2}},"271":{"start":{"line":504,"column":15},"end":{"line":504,"column":19}},"272":{"start":{"line":506,"column":2},"end":{"line":506,"column":80}},"273":{"start":{"line":509,"column":0},"end":{"line":513,"column":2}},"274":{"start":{"line":510,"column":15},"end":{"line":510,"column":19}},"275":{"start":{"line":512,"column":2},"end":{"line":512,"column":79}},"276":{"start":{"line":515,"column":0},"end":{"line":518,"column":2}},"277":{"start":{"line":516,"column":15},"end":{"line":516,"column":19}},"278":{"start":{"line":517,"column":2},"end":{"line":517,"column":49}},"279":{"start":{"line":520,"column":0},"end":{"line":531,"column":2}},"280":{"start":{"line":521,"column":13},"end":{"line":521,"column":40}},"281":{"start":{"line":523,"column":2},"end":{"line":525,"column":3}},"282":{"start":{"line":524,"column":4},"end":{"line":524,"column":15}},"283":{"start":{"line":527,"column":2},"end":{"line":530,"column":4}},"284":{"start":{"line":533,"column":0},"end":{"line":547,"column":2}},"285":{"start":{"line":534,"column":17},"end":{"line":537,"column":4}},"286":{"start":{"line":539,"column":2},"end":{"line":544,"column":3}},"287":{"start":{"line":540,"column":4},"end":{"line":543,"column":7}},"288":{"start":{"line":546,"column":2},"end":{"line":546,"column":16}},"289":{"start":{"line":549,"column":0},"end":{"line":557,"column":2}},"290":{"start":{"line":550,"column":21},"end":{"line":550,"column":67}},"291":{"start":{"line":552,"column":2},"end":{"line":556,"column":4}},"292":{"start":{"line":559,"column":0},"end":{"line":571,"column":2}},"293":{"start":{"line":560,"column":21},"end":{"line":560,"column":67}},"294":{"start":{"line":562,"column":2},"end":{"line":570,"column":4}},"295":{"start":{"line":573,"column":0},"end":{"line":634,"column":2}},"296":{"start":{"line":574,"column":15},"end":{"line":574,"column":19}},"297":{"start":{"line":576,"column":31},"end":{"line":576,"column":33}},"298":{"start":{"line":578,"column":2},"end":{"line":578,"column":93}},"299":{"start":{"line":580,"column":2},"end":{"line":582,"column":3}},"300":{"start":{"line":581,"column":4},"end":{"line":581,"column":96}},"301":{"start":{"line":584,"column":32},"end":{"line":584,"column":34}},"302":{"start":{"line":586,"column":2},"end":{"line":589,"column":5}},"303":{"start":{"line":587,"column":4},"end":{"line":587,"column":91}},"304":{"start":{"line":588,"column":4},"end":{"line":588,"column":78}},"305":{"start":{"line":591,"column":33},"end":{"line":591,"column":35}},"306":{"start":{"line":593,"column":2},"end":{"line":603,"column":5}},"307":{"start":{"line":594,"column":4},"end":{"line":596,"column":5}},"308":{"start":{"line":595,"column":6},"end":{"line":595,"column":92}},"309":{"start":{"line":598,"column":4},"end":{"line":600,"column":5}},"310":{"start":{"line":599,"column":6},"end":{"line":599,"column":93}},"311":{"start":{"line":602,"column":4},"end":{"line":602,"column":74}},"312":{"start":{"line":605,"column":20},"end":{"line":605,"column":82}},"313":{"start":{"line":607,"column":17},"end":{"line":615,"column":3}},"314":{"start":{"line":617,"column":2},"end":{"line":619,"column":3}},"315":{"start":{"line":618,"column":4},"end":{"line":618,"column":57}},"316":{"start":{"line":621,"column":2},"end":{"line":623,"column":3}},"317":{"start":{"line":622,"column":4},"end":{"line":622,"column":59}},"318":{"start":{"line":625,"column":2},"end":{"line":632,"column":3}},"319":{"start":{"line":626,"column":4},"end":{"line":628,"column":6}},"320":{"start":{"line":629,"column":4},"end":{"line":631,"column":5}},"321":{"start":{"line":630,"column":6},"end":{"line":630,"column":117}},"322":{"start":{"line":633,"column":2},"end":{"line":633,"column":16}},"323":{"start":{"line":636,"column":0},"end":{"line":647,"column":2}},"324":{"start":{"line":637,"column":15},"end":{"line":637,"column":19}},"325":{"start":{"line":639,"column":2},"end":{"line":642,"column":3}},"326":{"start":{"line":640,"column":4},"end":{"line":640,"column":23}},"327":{"start":{"line":641,"column":4},"end":{"line":641,"column":17}},"328":{"start":{"line":644,"column":17},"end":{"line":644,"column":54}},"329":{"start":{"line":646,"column":2},"end":{"line":646,"column":52}},"330":{"start":{"line":649,"column":0},"end":{"line":655,"column":2}},"331":{"start":{"line":650,"column":17},"end":{"line":652,"column":3}},"332":{"start":{"line":654,"column":2},"end":{"line":654,"column":54}},"333":{"start":{"line":657,"column":0},"end":{"line":665,"column":2}},"334":{"start":{"line":658,"column":2},"end":{"line":658,"column":32}},"335":{"start":{"line":660,"column":17},"end":{"line":662,"column":3}},"336":{"start":{"line":664,"column":2},"end":{"line":664,"column":52}},"337":{"start":{"line":667,"column":0},"end":{"line":681,"column":2}},"338":{"start":{"line":668,"column":15},"end":{"line":668,"column":19}},"339":{"start":{"line":669,"column":2},"end":{"line":672,"column":3}},"340":{"start":{"line":670,"column":4},"end":{"line":670,"column":26}},"341":{"start":{"line":671,"column":4},"end":{"line":671,"column":20}},"342":{"start":{"line":674,"column":2},"end":{"line":674,"column":32}},"343":{"start":{"line":675,"column":2},"end":{"line":675,"column":32}},"344":{"start":{"line":677,"column":2},"end":{"line":680,"column":15}},"345":{"start":{"line":683,"column":0},"end":{"line":704,"column":2}},"346":{"start":{"line":684,"column":17},"end":{"line":684,"column":19}},"347":{"start":{"line":686,"column":2},"end":{"line":696,"column":3}},"348":{"start":{"line":687,"column":4},"end":{"line":687,"column":38}},"349":{"start":{"line":689,"column":4},"end":{"line":691,"column":5}},"350":{"start":{"line":690,"column":6},"end":{"line":690,"column":79}},"351":{"start":{"line":693,"column":4},"end":{"line":695,"column":5}},"352":{"start":{"line":694,"column":6},"end":{"line":694,"column":81}},"353":{"start":{"line":698,"column":2},"end":{"line":703,"column":3}},"354":{"start":{"line":699,"column":4},"end":{"line":699,"column":41}},"355":{"start":{"line":700,"column":4},"end":{"line":700,"column":55}},"356":{"start":{"line":702,"column":4},"end":{"line":702,"column":22}},"357":{"start":{"line":706,"column":0},"end":{"line":748,"column":2}},"358":{"start":{"line":707,"column":2},"end":{"line":707,"column":32}},"359":{"start":{"line":709,"column":2},"end":{"line":747,"column":5}},"360":{"start":{"line":710,"column":4},"end":{"line":712,"column":5}},"361":{"start":{"line":711,"column":6},"end":{"line":711,"column":27}},"362":{"start":{"line":714,"column":20},"end":{"line":714,"column":77}},"363":{"start":{"line":715,"column":4},"end":{"line":717,"column":5}},"364":{"start":{"line":716,"column":6},"end":{"line":716,"column":24}},"365":{"start":{"line":721,"column":37},"end":{"line":721,"column":38}},"366":{"start":{"line":722,"column":4},"end":{"line":746,"column":17}},"367":{"start":{"line":723,"column":35},"end":{"line":723,"column":37}},"368":{"start":{"line":725,"column":6},"end":{"line":727,"column":7}},"369":{"start":{"line":726,"column":8},"end":{"line":726,"column":95}},"370":{"start":{"line":729,"column":6},"end":{"line":731,"column":7}},"371":{"start":{"line":730,"column":8},"end":{"line":730,"column":96}},"372":{"start":{"line":733,"column":37},"end":{"line":733,"column":88}},"373":{"start":{"line":734,"column":38},"end":{"line":734,"column":74}},"374":{"start":{"line":735,"column":6},"end":{"line":735,"column":77}},"375":{"start":{"line":737,"column":6},"end":{"line":737,"column":84}},"376":{"start":{"line":739,"column":27},"end":{"line":743,"column":7}},"377":{"start":{"line":745,"column":6},"end":{"line":745,"column":63}},"378":{"start":{"line":750,"column":0},"end":{"line":768,"column":2}},"379":{"start":{"line":751,"column":2},"end":{"line":767,"column":3}},"380":{"start":{"line":753,"column":4},"end":{"line":753,"column":38}},"381":{"start":{"line":755,"column":22},"end":{"line":755,"column":65}},"382":{"start":{"line":756,"column":31},"end":{"line":756,"column":60}},"383":{"start":{"line":758,"column":20},"end":{"line":764,"column":10}},"384":{"start":{"line":759,"column":6},"end":{"line":761,"column":7}},"385":{"start":{"line":760,"column":8},"end":{"line":760,"column":32}},"386":{"start":{"line":763,"column":6},"end":{"line":763,"column":20}},"387":{"start":{"line":766,"column":4},"end":{"line":766,"column":19}}},"fnMap":{"0":{"name":"(anonymous_0)","decl":{"start":{"line":15,"column":31},"end":{"line":15,"column":32}},"loc":{"start":{"line":15,"column":86},"end":{"line":27,"column":1}},"line":15},"1":{"name":"(anonymous_1)","decl":{"start":{"line":29,"column":27},"end":{"line":29,"column":28}},"loc":{"start":{"line":29,"column":44},"end":{"line":37,"column":1}},"line":29},"2":{"name":"(anonymous_2)","decl":{"start":{"line":39,"column":28},"end":{"line":39,"column":29}},"loc":{"start":{"line":39,"column":40},"end":{"line":49,"column":1}},"line":39},"3":{"name":"(anonymous_3)","decl":{"start":{"line":51,"column":30},"end":{"line":51,"column":31}},"loc":{"start":{"line":51,"column":66},"end":{"line":75,"column":1}},"line":51},"4":{"name":"(anonymous_4)","decl":{"start":{"line":64,"column":38},"end":{"line":64,"column":39}},"loc":{"start":{"line":64,"column":53},"end":{"line":74,"column":3}},"line":64},"5":{"name":"(anonymous_5)","decl":{"start":{"line":77,"column":22},"end":{"line":77,"column":23}},"loc":{"start":{"line":77,"column":70},"end":{"line":112,"column":1}},"line":77},"6":{"name":"(anonymous_6)","decl":{"start":{"line":100,"column":34},"end":{"line":100,"column":35}},"loc":{"start":{"line":100,"column":49},"end":{"line":111,"column":3}},"line":100},"7":{"name":"(anonymous_7)","decl":{"start":{"line":114,"column":28},"end":{"line":114,"column":29}},"loc":{"start":{"line":114,"column":65},"end":{"line":118,"column":1}},"line":114},"8":{"name":"(anonymous_8)","decl":{"start":{"line":120,"column":25},"end":{"line":120,"column":26}},"loc":{"start":{"line":120,"column":60},"end":{"line":136,"column":1}},"line":120},"9":{"name":"(anonymous_9)","decl":{"start":{"line":132,"column":20},"end":{"line":132,"column":21}},"loc":{"start":{"line":132,"column":40},"end":{"line":132,"column":91}},"line":132},"10":{"name":"(anonymous_10)","decl":{"start":{"line":138,"column":23},"end":{"line":138,"column":24}},"loc":{"start":{"line":138,"column":59},"end":{"line":201,"column":1}},"line":138},"11":{"name":"(anonymous_11)","decl":{"start":{"line":141,"column":16},"end":{"line":141,"column":17}},"loc":{"start":{"line":141,"column":30},"end":{"line":151,"column":3}},"line":141},"12":{"name":"(anonymous_12)","decl":{"start":{"line":153,"column":51},"end":{"line":153,"column":52}},"loc":{"start":{"line":153,"column":66},"end":{"line":200,"column":3}},"line":153},"13":{"name":"(anonymous_13)","decl":{"start":{"line":178,"column":93},"end":{"line":178,"column":94}},"loc":{"start":{"line":178,"column":110},"end":{"line":181,"column":7}},"line":178},"14":{"name":"(anonymous_14)","decl":{"start":{"line":190,"column":36},"end":{"line":190,"column":37}},"loc":{"start":{"line":190,"column":45},"end":{"line":199,"column":5}},"line":190},"15":{"name":"(anonymous_15)","decl":{"start":{"line":203,"column":30},"end":{"line":203,"column":31}},"loc":{"start":{"line":203,"column":57},"end":{"line":231,"column":1}},"line":203},"16":{"name":"(anonymous_16)","decl":{"start":{"line":209,"column":39},"end":{"line":209,"column":40}},"loc":{"start":{"line":209,"column":61},"end":{"line":215,"column":5}},"line":209},"17":{"name":"(anonymous_17)","decl":{"start":{"line":233,"column":33},"end":{"line":233,"column":34}},"loc":{"start":{"line":233,"column":51},"end":{"line":285,"column":1}},"line":233},"18":{"name":"(anonymous_18)","decl":{"start":{"line":241,"column":44},"end":{"line":241,"column":45}},"loc":{"start":{"line":241,"column":49},"end":{"line":241,"column":89}},"line":241},"19":{"name":"(anonymous_19)","decl":{"start":{"line":258,"column":6},"end":{"line":258,"column":7}},"loc":{"start":{"line":258,"column":11},"end":{"line":259,"column":71}},"line":258},"20":{"name":"(anonymous_20)","decl":{"start":{"line":276,"column":6},"end":{"line":276,"column":7}},"loc":{"start":{"line":276,"column":11},"end":{"line":276,"column":44}},"line":276},"21":{"name":"(anonymous_21)","decl":{"start":{"line":287,"column":27},"end":{"line":287,"column":28}},"loc":{"start":{"line":287,"column":43},"end":{"line":289,"column":1}},"line":287},"22":{"name":"(anonymous_22)","decl":{"start":{"line":291,"column":25},"end":{"line":291,"column":26}},"loc":{"start":{"line":291,"column":60},"end":{"line":369,"column":1}},"line":291},"23":{"name":"(anonymous_23)","decl":{"start":{"line":310,"column":16},"end":{"line":310,"column":17}},"loc":{"start":{"line":310,"column":30},"end":{"line":318,"column":3}},"line":310},"24":{"name":"(anonymous_24)","decl":{"start":{"line":320,"column":51},"end":{"line":320,"column":52}},"loc":{"start":{"line":320,"column":66},"end":{"line":368,"column":3}},"line":320},"25":{"name":"(anonymous_25)","decl":{"start":{"line":355,"column":39},"end":{"line":355,"column":40}},"loc":{"start":{"line":355,"column":54},"end":{"line":367,"column":5}},"line":355},"26":{"name":"(anonymous_26)","decl":{"start":{"line":371,"column":35},"end":{"line":371,"column":36}},"loc":{"start":{"line":371,"column":67},"end":{"line":400,"column":1}},"line":371},"27":{"name":"(anonymous_27)","decl":{"start":{"line":372,"column":29},"end":{"line":372,"column":30}},"loc":{"start":{"line":372,"column":43},"end":{"line":399,"column":3}},"line":372},"28":{"name":"(anonymous_28)","decl":{"start":{"line":402,"column":26},"end":{"line":402,"column":27}},"loc":{"start":{"line":402,"column":74},"end":{"line":461,"column":1}},"line":402},"29":{"name":"(anonymous_29)","decl":{"start":{"line":448,"column":37},"end":{"line":448,"column":38}},"loc":{"start":{"line":448,"column":52},"end":{"line":460,"column":3}},"line":448},"30":{"name":"(anonymous_30)","decl":{"start":{"line":463,"column":24},"end":{"line":463,"column":25}},"loc":{"start":{"line":463,"column":43},"end":{"line":467,"column":1}},"line":463},"31":{"name":"(anonymous_31)","decl":{"start":{"line":469,"column":23},"end":{"line":469,"column":24}},"loc":{"start":{"line":469,"column":35},"end":{"line":473,"column":1}},"line":469},"32":{"name":"(anonymous_32)","decl":{"start":{"line":475,"column":31},"end":{"line":475,"column":32}},"loc":{"start":{"line":475,"column":56},"end":{"line":479,"column":1}},"line":475},"33":{"name":"(anonymous_33)","decl":{"start":{"line":482,"column":29},"end":{"line":482,"column":30}},"loc":{"start":{"line":482,"column":50},"end":{"line":501,"column":1}},"line":482},"34":{"name":"(anonymous_34)","decl":{"start":{"line":482,"column":50},"end":{"line":482,"column":51}},"loc":{"start":{"line":482,"column":65},"end":{"line":501,"column":1}},"line":482},"35":{"name":"(anonymous_35)","decl":{"start":{"line":489,"column":37},"end":{"line":489,"column":38}},"loc":{"start":{"line":489,"column":42},"end":{"line":489,"column":93}},"line":489},"36":{"name":"(anonymous_36)","decl":{"start":{"line":503,"column":27},"end":{"line":503,"column":28}},"loc":{"start":{"line":503,"column":55},"end":{"line":507,"column":1}},"line":503},"37":{"name":"(anonymous_37)","decl":{"start":{"line":509,"column":26},"end":{"line":509,"column":27}},"loc":{"start":{"line":509,"column":54},"end":{"line":513,"column":1}},"line":509},"38":{"name":"(anonymous_38)","decl":{"start":{"line":515,"column":35},"end":{"line":515,"column":36}},"loc":{"start":{"line":515,"column":63},"end":{"line":518,"column":1}},"line":515},"39":{"name":"(anonymous_39)","decl":{"start":{"line":520,"column":32},"end":{"line":520,"column":33}},"loc":{"start":{"line":520,"column":49},"end":{"line":531,"column":1}},"line":520},"40":{"name":"(anonymous_40)","decl":{"start":{"line":533,"column":22},"end":{"line":533,"column":23}},"loc":{"start":{"line":533,"column":45},"end":{"line":547,"column":1}},"line":533},"41":{"name":"(anonymous_41)","decl":{"start":{"line":549,"column":27},"end":{"line":549,"column":28}},"loc":{"start":{"line":549,"column":47},"end":{"line":557,"column":1}},"line":549},"42":{"name":"(anonymous_42)","decl":{"start":{"line":559,"column":24},"end":{"line":559,"column":25}},"loc":{"start":{"line":559,"column":47},"end":{"line":571,"column":1}},"line":559},"43":{"name":"(anonymous_43)","decl":{"start":{"line":573,"column":42},"end":{"line":573,"column":43}},"loc":{"start":{"line":573,"column":61},"end":{"line":634,"column":1}},"line":573},"44":{"name":"(anonymous_44)","decl":{"start":{"line":586,"column":42},"end":{"line":586,"column":43}},"loc":{"start":{"line":586,"column":54},"end":{"line":589,"column":3}},"line":586},"45":{"name":"(anonymous_45)","decl":{"start":{"line":593,"column":39},"end":{"line":593,"column":40}},"loc":{"start":{"line":593,"column":62},"end":{"line":603,"column":3}},"line":593},"46":{"name":"(anonymous_46)","decl":{"start":{"line":636,"column":30},"end":{"line":636,"column":31}},"loc":{"start":{"line":636,"column":59},"end":{"line":647,"column":1}},"line":636},"47":{"name":"(anonymous_47)","decl":{"start":{"line":649,"column":32},"end":{"line":649,"column":33}},"loc":{"start":{"line":649,"column":52},"end":{"line":655,"column":1}},"line":649},"48":{"name":"(anonymous_48)","decl":{"start":{"line":657,"column":30},"end":{"line":657,"column":31}},"loc":{"start":{"line":657,"column":50},"end":{"line":665,"column":1}},"line":657},"49":{"name":"(anonymous_49)","decl":{"start":{"line":667,"column":30},"end":{"line":667,"column":31}},"loc":{"start":{"line":667,"column":62},"end":{"line":681,"column":1}},"line":667},"50":{"name":"(anonymous_50)","decl":{"start":{"line":683,"column":32},"end":{"line":683,"column":33}},"loc":{"start":{"line":683,"column":65},"end":{"line":704,"column":1}},"line":683},"51":{"name":"(anonymous_51)","decl":{"start":{"line":706,"column":24},"end":{"line":706,"column":25}},"loc":{"start":{"line":706,"column":45},"end":{"line":748,"column":1}},"line":706},"52":{"name":"(anonymous_52)","decl":{"start":{"line":709,"column":22},"end":{"line":709,"column":23}},"loc":{"start":{"line":709,"column":37},"end":{"line":747,"column":3}},"line":709},"53":{"name":"(anonymous_53)","decl":{"start":{"line":722,"column":54},"end":{"line":722,"column":55}},"loc":{"start":{"line":722,"column":76},"end":{"line":746,"column":5}},"line":722},"54":{"name":"(anonymous_54)","decl":{"start":{"line":750,"column":37},"end":{"line":750,"column":38}},"loc":{"start":{"line":750,"column":54},"end":{"line":768,"column":1}},"line":750},"55":{"name":"(anonymous_55)","decl":{"start":{"line":758,"column":57},"end":{"line":758,"column":58}},"loc":{"start":{"line":758,"column":85},"end":{"line":764,"column":5}},"line":758}},"branchMap":{"0":{"loc":{"start":{"line":32,"column":2},"end":{"line":36,"column":3}},"type":"if","locations":[{"start":{"line":32,"column":2},"end":{"line":36,"column":3}},{"start":{"line":32,"column":2},"end":{"line":36,"column":3}}],"line":32},"1":{"loc":{"start":{"line":40,"column":2},"end":{"line":48,"column":3}},"type":"if","locations":[{"start":{"line":40,"column":2},"end":{"line":48,"column":3}},{"start":{"line":40,"column":2},"end":{"line":48,"column":3}}],"line":40},"2":{"loc":{"start":{"line":41,"column":4},"end":{"line":45,"column":5}},"type":"if","locations":[{"start":{"line":41,"column":4},"end":{"line":45,"column":5}},{"start":{"line":41,"column":4},"end":{"line":45,"column":5}}],"line":41},"3":{"loc":{"start":{"line":55,"column":2},"end":{"line":59,"column":3}},"type":"if","locations":[{"start":{"line":55,"column":2},"end":{"line":59,"column":3}},{"start":{"line":55,"column":2},"end":{"line":59,"column":3}}],"line":55},"4":{"loc":{"start":{"line":57,"column":9},"end":{"line":59,"column":3}},"type":"if","locations":[{"start":{"line":57,"column":9},"end":{"line":59,"column":3}},{"start":{"line":57,"column":9},"end":{"line":59,"column":3}}],"line":57},"5":{"loc":{"start":{"line":67,"column":4},"end":{"line":73,"column":5}},"type":"if","locations":[{"start":{"line":67,"column":4},"end":{"line":73,"column":5}},{"start":{"line":67,"column":4},"end":{"line":73,"column":5}}],"line":67},"6":{"loc":{"start":{"line":80,"column":2},"end":{"line":91,"column":3}},"type":"if","locations":[{"start":{"line":80,"column":2},"end":{"line":91,"column":3}},{"start":{"line":80,"column":2},"end":{"line":91,"column":3}}],"line":80},"7":{"loc":{"start":{"line":80,"column":6},"end":{"line":80,"column":77}},"type":"binary-expr","locations":[{"start":{"line":80,"column":6},"end":{"line":80,"column":31}},{"start":{"line":80,"column":35},"end":{"line":80,"column":64}},{"start":{"line":80,"column":68},"end":{"line":80,"column":77}}],"line":80},"8":{"loc":{"start":{"line":84,"column":9},"end":{"line":91,"column":3}},"type":"if","locations":[{"start":{"line":84,"column":9},"end":{"line":91,"column":3}},{"start":{"line":84,"column":9},"end":{"line":91,"column":3}}],"line":84},"9":{"loc":{"start":{"line":84,"column":13},"end":{"line":84,"column":56}},"type":"binary-expr","locations":[{"start":{"line":84,"column":13},"end":{"line":84,"column":43}},{"start":{"line":84,"column":47},"end":{"line":84,"column":56}}],"line":84},"10":{"loc":{"start":{"line":88,"column":9},"end":{"line":91,"column":3}},"type":"if","locations":[{"start":{"line":88,"column":9},"end":{"line":91,"column":3}},{"start":{"line":88,"column":9},"end":{"line":91,"column":3}}],"line":88},"11":{"loc":{"start":{"line":88,"column":13},"end":{"line":88,"column":55}},"type":"binary-expr","locations":[{"start":{"line":88,"column":13},"end":{"line":88,"column":42}},{"start":{"line":88,"column":46},"end":{"line":88,"column":55}}],"line":88},"12":{"loc":{"start":{"line":101,"column":4},"end":{"line":103,"column":5}},"type":"if","locations":[{"start":{"line":101,"column":4},"end":{"line":103,"column":5}},{"start":{"line":101,"column":4},"end":{"line":103,"column":5}}],"line":101},"13":{"loc":{"start":{"line":106,"column":4},"end":{"line":108,"column":5}},"type":"if","locations":[{"start":{"line":106,"column":4},"end":{"line":108,"column":5}},{"start":{"line":106,"column":4},"end":{"line":108,"column":5}}],"line":106},"14":{"loc":{"start":{"line":123,"column":2},"end":{"line":126,"column":3}},"type":"if","locations":[{"start":{"line":123,"column":2},"end":{"line":126,"column":3}},{"start":{"line":123,"column":2},"end":{"line":126,"column":3}}],"line":123},"15":{"loc":{"start":{"line":123,"column":6},"end":{"line":123,"column":48}},"type":"binary-expr","locations":[{"start":{"line":123,"column":6},"end":{"line":123,"column":35}},{"start":{"line":123,"column":39},"end":{"line":123,"column":48}}],"line":123},"16":{"loc":{"start":{"line":128,"column":13},"end":{"line":128,"column":31}},"type":"binary-expr","locations":[{"start":{"line":128,"column":13},"end":{"line":128,"column":21}},{"start":{"line":128,"column":25},"end":{"line":128,"column":31}}],"line":128},"17":{"loc":{"start":{"line":129,"column":12},"end":{"line":129,"column":25}},"type":"binary-expr","locations":[{"start":{"line":129,"column":12},"end":{"line":129,"column":19}},{"start":{"line":129,"column":23},"end":{"line":129,"column":25}}],"line":129},"18":{"loc":{"start":{"line":131,"column":2},"end":{"line":135,"column":3}},"type":"if","locations":[{"start":{"line":131,"column":2},"end":{"line":135,"column":3}},{"start":{"line":131,"column":2},"end":{"line":135,"column":3}}],"line":131},"19":{"loc":{"start":{"line":144,"column":22},"end":{"line":144,"column":93}},"type":"cond-expr","locations":[{"start":{"line":144,"column":58},"end":{"line":144,"column":79}},{"start":{"line":144,"column":82},"end":{"line":144,"column":93}}],"line":144},"20":{"loc":{"start":{"line":146,"column":4},"end":{"line":148,"column":5}},"type":"if","locations":[{"start":{"line":146,"column":4},"end":{"line":148,"column":5}},{"start":{"line":146,"column":4},"end":{"line":148,"column":5}}],"line":146},"21":{"loc":{"start":{"line":146,"column":8},"end":{"line":146,"column":92}},"type":"binary-expr","locations":[{"start":{"line":146,"column":8},"end":{"line":146,"column":30}},{"start":{"line":146,"column":34},"end":{"line":146,"column":65}},{"start":{"line":146,"column":69},"end":{"line":146,"column":92}}],"line":146},"22":{"loc":{"start":{"line":154,"column":4},"end":{"line":156,"column":5}},"type":"if","locations":[{"start":{"line":154,"column":4},"end":{"line":156,"column":5}},{"start":{"line":154,"column":4},"end":{"line":156,"column":5}}],"line":154},"23":{"loc":{"start":{"line":160,"column":4},"end":{"line":163,"column":5}},"type":"if","locations":[{"start":{"line":160,"column":4},"end":{"line":163,"column":5}},{"start":{"line":160,"column":4},"end":{"line":163,"column":5}}],"line":160},"24":{"loc":{"start":{"line":172,"column":4},"end":{"line":175,"column":5}},"type":"if","locations":[{"start":{"line":172,"column":4},"end":{"line":175,"column":5}},{"start":{"line":172,"column":4},"end":{"line":175,"column":5}}],"line":172},"25":{"loc":{"start":{"line":177,"column":4},"end":{"line":184,"column":5}},"type":"if","locations":[{"start":{"line":177,"column":4},"end":{"line":184,"column":5}},{"start":{"line":177,"column":4},"end":{"line":184,"column":5}}],"line":177},"26":{"loc":{"start":{"line":191,"column":6},"end":{"line":193,"column":7}},"type":"if","locations":[{"start":{"line":191,"column":6},"end":{"line":193,"column":7}},{"start":{"line":191,"column":6},"end":{"line":193,"column":7}}],"line":191},"27":{"loc":{"start":{"line":206,"column":2},"end":{"line":216,"column":3}},"type":"if","locations":[{"start":{"line":206,"column":2},"end":{"line":216,"column":3}},{"start":{"line":206,"column":2},"end":{"line":216,"column":3}}],"line":206},"28":{"loc":{"start":{"line":210,"column":6},"end":{"line":212,"column":7}},"type":"if","locations":[{"start":{"line":210,"column":6},"end":{"line":212,"column":7}},{"start":{"line":210,"column":6},"end":{"line":212,"column":7}}],"line":210},"29":{"loc":{"start":{"line":218,"column":2},"end":{"line":220,"column":3}},"type":"if","locations":[{"start":{"line":218,"column":2},"end":{"line":220,"column":3}},{"start":{"line":218,"column":2},"end":{"line":220,"column":3}}],"line":218},"30":{"loc":{"start":{"line":222,"column":2},"end":{"line":224,"column":3}},"type":"if","locations":[{"start":{"line":222,"column":2},"end":{"line":224,"column":3}},{"start":{"line":222,"column":2},"end":{"line":224,"column":3}}],"line":222},"31":{"loc":{"start":{"line":241,"column":49},"end":{"line":241,"column":89}},"type":"binary-expr","locations":[{"start":{"line":241,"column":49},"end":{"line":241,"column":67}},{"start":{"line":241,"column":72},"end":{"line":241,"column":78}},{"start":{"line":241,"column":82},"end":{"line":241,"column":88}}],"line":241},"32":{"loc":{"start":{"line":255,"column":2},"end":{"line":265,"column":3}},"type":"if","locations":[{"start":{"line":255,"column":2},"end":{"line":265,"column":3}},{"start":{"line":255,"column":2},"end":{"line":265,"column":3}}],"line":255},"33":{"loc":{"start":{"line":258,"column":11},"end":{"line":259,"column":71}},"type":"binary-expr","locations":[{"start":{"line":258,"column":11},"end":{"line":258,"column":44}},{"start":{"line":259,"column":9},"end":{"line":259,"column":71}}],"line":258},"34":{"loc":{"start":{"line":261,"column":4},"end":{"line":264,"column":5}},"type":"if","locations":[{"start":{"line":261,"column":4},"end":{"line":264,"column":5}},{"start":{"line":261,"column":4},"end":{"line":264,"column":5}}],"line":261},"35":{"loc":{"start":{"line":273,"column":2},"end":{"line":282,"column":3}},"type":"if","locations":[{"start":{"line":273,"column":2},"end":{"line":282,"column":3}},{"start":{"line":273,"column":2},"end":{"line":282,"column":3}}],"line":273},"36":{"loc":{"start":{"line":278,"column":4},"end":{"line":281,"column":5}},"type":"if","locations":[{"start":{"line":278,"column":4},"end":{"line":281,"column":5}},{"start":{"line":278,"column":4},"end":{"line":281,"column":5}}],"line":278},"37":{"loc":{"start":{"line":294,"column":2},"end":{"line":297,"column":3}},"type":"if","locations":[{"start":{"line":294,"column":2},"end":{"line":297,"column":3}},{"start":{"line":294,"column":2},"end":{"line":297,"column":3}}],"line":294},"38":{"loc":{"start":{"line":294,"column":6},"end":{"line":294,"column":48}},"type":"binary-expr","locations":[{"start":{"line":294,"column":6},"end":{"line":294,"column":35}},{"start":{"line":294,"column":39},"end":{"line":294,"column":48}}],"line":294},"39":{"loc":{"start":{"line":299,"column":13},"end":{"line":299,"column":31}},"type":"binary-expr","locations":[{"start":{"line":299,"column":13},"end":{"line":299,"column":21}},{"start":{"line":299,"column":25},"end":{"line":299,"column":31}}],"line":299},"40":{"loc":{"start":{"line":300,"column":12},"end":{"line":300,"column":25}},"type":"binary-expr","locations":[{"start":{"line":300,"column":12},"end":{"line":300,"column":19}},{"start":{"line":300,"column":23},"end":{"line":300,"column":25}}],"line":300},"41":{"loc":{"start":{"line":303,"column":2},"end":{"line":308,"column":3}},"type":"if","locations":[{"start":{"line":303,"column":2},"end":{"line":308,"column":3}},{"start":{"line":303,"column":2},"end":{"line":308,"column":3}}],"line":303},"42":{"loc":{"start":{"line":311,"column":22},"end":{"line":311,"column":93}},"type":"cond-expr","locations":[{"start":{"line":311,"column":58},"end":{"line":311,"column":79}},{"start":{"line":311,"column":82},"end":{"line":311,"column":93}}],"line":311},"43":{"loc":{"start":{"line":313,"column":4},"end":{"line":315,"column":5}},"type":"if","locations":[{"start":{"line":313,"column":4},"end":{"line":315,"column":5}},{"start":{"line":313,"column":4},"end":{"line":315,"column":5}}],"line":313},"44":{"loc":{"start":{"line":313,"column":8},"end":{"line":313,"column":92}},"type":"binary-expr","locations":[{"start":{"line":313,"column":8},"end":{"line":313,"column":30}},{"start":{"line":313,"column":34},"end":{"line":313,"column":65}},{"start":{"line":313,"column":69},"end":{"line":313,"column":92}}],"line":313},"45":{"loc":{"start":{"line":321,"column":4},"end":{"line":323,"column":5}},"type":"if","locations":[{"start":{"line":321,"column":4},"end":{"line":323,"column":5}},{"start":{"line":321,"column":4},"end":{"line":323,"column":5}}],"line":321},"46":{"loc":{"start":{"line":328,"column":4},"end":{"line":330,"column":5}},"type":"if","locations":[{"start":{"line":328,"column":4},"end":{"line":330,"column":5}},{"start":{"line":328,"column":4},"end":{"line":330,"column":5}}],"line":328},"47":{"loc":{"start":{"line":347,"column":4},"end":{"line":349,"column":5}},"type":"if","locations":[{"start":{"line":347,"column":4},"end":{"line":349,"column":5}},{"start":{"line":347,"column":4},"end":{"line":349,"column":5}}],"line":347},"48":{"loc":{"start":{"line":356,"column":6},"end":{"line":358,"column":7}},"type":"if","locations":[{"start":{"line":356,"column":6},"end":{"line":358,"column":7}},{"start":{"line":356,"column":6},"end":{"line":358,"column":7}}],"line":356},"49":{"loc":{"start":{"line":361,"column":6},"end":{"line":363,"column":7}},"type":"if","locations":[{"start":{"line":361,"column":6},"end":{"line":363,"column":7}},{"start":{"line":361,"column":6},"end":{"line":363,"column":7}}],"line":361},"50":{"loc":{"start":{"line":378,"column":4},"end":{"line":388,"column":5}},"type":"if","locations":[{"start":{"line":378,"column":4},"end":{"line":388,"column":5}},{"start":{"line":378,"column":4},"end":{"line":388,"column":5}}],"line":378},"51":{"loc":{"start":{"line":378,"column":8},"end":{"line":378,"column":73}},"type":"binary-expr","locations":[{"start":{"line":378,"column":8},"end":{"line":378,"column":23}},{"start":{"line":378,"column":27},"end":{"line":378,"column":50}},{"start":{"line":378,"column":54},"end":{"line":378,"column":73}}],"line":378},"52":{"loc":{"start":{"line":380,"column":11},"end":{"line":388,"column":5}},"type":"if","locations":[{"start":{"line":380,"column":11},"end":{"line":388,"column":5}},{"start":{"line":380,"column":11},"end":{"line":388,"column":5}}],"line":380},"53":{"loc":{"start":{"line":380,"column":15},"end":{"line":380,"column":81}},"type":"binary-expr","locations":[{"start":{"line":380,"column":15},"end":{"line":380,"column":30}},{"start":{"line":380,"column":34},"end":{"line":380,"column":57}},{"start":{"line":380,"column":61},"end":{"line":380,"column":81}}],"line":380},"54":{"loc":{"start":{"line":382,"column":11},"end":{"line":388,"column":5}},"type":"if","locations":[{"start":{"line":382,"column":11},"end":{"line":388,"column":5}},{"start":{"line":382,"column":11},"end":{"line":388,"column":5}}],"line":382},"55":{"loc":{"start":{"line":382,"column":15},"end":{"line":382,"column":50}},"type":"binary-expr","locations":[{"start":{"line":382,"column":15},"end":{"line":382,"column":30}},{"start":{"line":382,"column":34},"end":{"line":382,"column":50}}],"line":382},"56":{"loc":{"start":{"line":394,"column":4},"end":{"line":398,"column":5}},"type":"if","locations":[{"start":{"line":394,"column":4},"end":{"line":398,"column":5}},{"start":{"line":394,"column":4},"end":{"line":398,"column":5}}],"line":394},"57":{"loc":{"start":{"line":405,"column":2},"end":{"line":420,"column":3}},"type":"if","locations":[{"start":{"line":405,"column":2},"end":{"line":420,"column":3}},{"start":{"line":405,"column":2},"end":{"line":420,"column":3}}],"line":405},"58":{"loc":{"start":{"line":405,"column":6},"end":{"line":405,"column":77}},"type":"binary-expr","locations":[{"start":{"line":405,"column":6},"end":{"line":405,"column":31}},{"start":{"line":405,"column":35},"end":{"line":405,"column":64}},{"start":{"line":405,"column":68},"end":{"line":405,"column":77}}],"line":405},"59":{"loc":{"start":{"line":409,"column":9},"end":{"line":420,"column":3}},"type":"if","locations":[{"start":{"line":409,"column":9},"end":{"line":420,"column":3}},{"start":{"line":409,"column":9},"end":{"line":420,"column":3}}],"line":409},"60":{"loc":{"start":{"line":409,"column":13},"end":{"line":409,"column":56}},"type":"binary-expr","locations":[{"start":{"line":409,"column":13},"end":{"line":409,"column":43}},{"start":{"line":409,"column":47},"end":{"line":409,"column":56}}],"line":409},"61":{"loc":{"start":{"line":413,"column":9},"end":{"line":420,"column":3}},"type":"if","locations":[{"start":{"line":413,"column":9},"end":{"line":420,"column":3}},{"start":{"line":413,"column":9},"end":{"line":420,"column":3}}],"line":413},"62":{"loc":{"start":{"line":413,"column":13},"end":{"line":413,"column":51}},"type":"binary-expr","locations":[{"start":{"line":413,"column":13},"end":{"line":413,"column":38}},{"start":{"line":413,"column":42},"end":{"line":413,"column":51}}],"line":413},"63":{"loc":{"start":{"line":417,"column":9},"end":{"line":420,"column":3}},"type":"if","locations":[{"start":{"line":417,"column":9},"end":{"line":420,"column":3}},{"start":{"line":417,"column":9},"end":{"line":420,"column":3}}],"line":417},"64":{"loc":{"start":{"line":417,"column":13},"end":{"line":417,"column":55}},"type":"binary-expr","locations":[{"start":{"line":417,"column":13},"end":{"line":417,"column":42}},{"start":{"line":417,"column":46},"end":{"line":417,"column":55}}],"line":417},"65":{"loc":{"start":{"line":422,"column":13},"end":{"line":422,"column":31}},"type":"binary-expr","locations":[{"start":{"line":422,"column":13},"end":{"line":422,"column":21}},{"start":{"line":422,"column":25},"end":{"line":422,"column":31}}],"line":422},"66":{"loc":{"start":{"line":423,"column":12},"end":{"line":423,"column":25}},"type":"binary-expr","locations":[{"start":{"line":423,"column":12},"end":{"line":423,"column":19}},{"start":{"line":423,"column":23},"end":{"line":423,"column":25}}],"line":423},"67":{"loc":{"start":{"line":425,"column":2},"end":{"line":433,"column":3}},"type":"if","locations":[{"start":{"line":425,"column":2},"end":{"line":433,"column":3}},{"start":{"line":425,"column":2},"end":{"line":433,"column":3}}],"line":425},"68":{"loc":{"start":{"line":428,"column":4},"end":{"line":430,"column":5}},"type":"if","locations":[{"start":{"line":428,"column":4},"end":{"line":430,"column":5}},{"start":{"line":428,"column":4},"end":{"line":430,"column":5}}],"line":428},"69":{"loc":{"start":{"line":440,"column":2},"end":{"line":444,"column":3}},"type":"if","locations":[{"start":{"line":440,"column":2},"end":{"line":444,"column":3}},{"start":{"line":440,"column":2},"end":{"line":444,"column":3}}],"line":440},"70":{"loc":{"start":{"line":449,"column":4},"end":{"line":451,"column":5}},"type":"if","locations":[{"start":{"line":449,"column":4},"end":{"line":451,"column":5}},{"start":{"line":449,"column":4},"end":{"line":451,"column":5}}],"line":449},"71":{"loc":{"start":{"line":454,"column":4},"end":{"line":456,"column":5}},"type":"if","locations":[{"start":{"line":454,"column":4},"end":{"line":456,"column":5}},{"start":{"line":454,"column":4},"end":{"line":456,"column":5}}],"line":454},"72":{"loc":{"start":{"line":483,"column":2},"end":{"line":485,"column":3}},"type":"if","locations":[{"start":{"line":483,"column":2},"end":{"line":485,"column":3}},{"start":{"line":483,"column":2},"end":{"line":485,"column":3}}],"line":483},"73":{"loc":{"start":{"line":488,"column":2},"end":{"line":492,"column":3}},"type":"if","locations":[{"start":{"line":488,"column":2},"end":{"line":492,"column":3}},{"start":{"line":488,"column":2},"end":{"line":492,"column":3}}],"line":488},"74":{"loc":{"start":{"line":494,"column":2},"end":{"line":498,"column":3}},"type":"if","locations":[{"start":{"line":494,"column":2},"end":{"line":498,"column":3}},{"start":{"line":494,"column":2},"end":{"line":498,"column":3}}],"line":494},"75":{"loc":{"start":{"line":523,"column":2},"end":{"line":525,"column":3}},"type":"if","locations":[{"start":{"line":523,"column":2},"end":{"line":525,"column":3}},{"start":{"line":523,"column":2},"end":{"line":525,"column":3}}],"line":523},"76":{"loc":{"start":{"line":539,"column":2},"end":{"line":544,"column":3}},"type":"if","locations":[{"start":{"line":539,"column":2},"end":{"line":544,"column":3}},{"start":{"line":539,"column":2},"end":{"line":544,"column":3}}],"line":539},"77":{"loc":{"start":{"line":550,"column":21},"end":{"line":550,"column":67}},"type":"binary-expr","locations":[{"start":{"line":550,"column":21},"end":{"line":550,"column":38}},{"start":{"line":550,"column":42},"end":{"line":550,"column":67}}],"line":550},"78":{"loc":{"start":{"line":560,"column":21},"end":{"line":560,"column":67}},"type":"binary-expr","locations":[{"start":{"line":560,"column":21},"end":{"line":560,"column":38}},{"start":{"line":560,"column":42},"end":{"line":560,"column":67}}],"line":560},"79":{"loc":{"start":{"line":567,"column":25},"end":{"line":567,"column":49}},"type":"binary-expr","locations":[{"start":{"line":567,"column":25},"end":{"line":567,"column":44}},{"start":{"line":567,"column":48},"end":{"line":567,"column":49}}],"line":567},"80":{"loc":{"start":{"line":568,"column":26},"end":{"line":568,"column":51}},"type":"binary-expr","locations":[{"start":{"line":568,"column":26},"end":{"line":568,"column":46}},{"start":{"line":568,"column":50},"end":{"line":568,"column":51}}],"line":568},"81":{"loc":{"start":{"line":580,"column":2},"end":{"line":582,"column":3}},"type":"if","locations":[{"start":{"line":580,"column":2},"end":{"line":582,"column":3}},{"start":{"line":580,"column":2},"end":{"line":582,"column":3}}],"line":580},"82":{"loc":{"start":{"line":594,"column":4},"end":{"line":596,"column":5}},"type":"if","locations":[{"start":{"line":594,"column":4},"end":{"line":596,"column":5}},{"start":{"line":594,"column":4},"end":{"line":596,"column":5}}],"line":594},"83":{"loc":{"start":{"line":598,"column":4},"end":{"line":600,"column":5}},"type":"if","locations":[{"start":{"line":598,"column":4},"end":{"line":600,"column":5}},{"start":{"line":598,"column":4},"end":{"line":600,"column":5}}],"line":598},"84":{"loc":{"start":{"line":598,"column":8},"end":{"line":598,"column":92}},"type":"binary-expr","locations":[{"start":{"line":598,"column":8},"end":{"line":598,"column":23}},{"start":{"line":598,"column":27},"end":{"line":598,"column":92}}],"line":598},"85":{"loc":{"start":{"line":612,"column":25},"end":{"line":612,"column":50}},"type":"binary-expr","locations":[{"start":{"line":612,"column":25},"end":{"line":612,"column":45}},{"start":{"line":612,"column":49},"end":{"line":612,"column":50}}],"line":612},"86":{"loc":{"start":{"line":613,"column":26},"end":{"line":613,"column":52}},"type":"binary-expr","locations":[{"start":{"line":613,"column":26},"end":{"line":613,"column":47}},{"start":{"line":613,"column":51},"end":{"line":613,"column":52}}],"line":613},"87":{"loc":{"start":{"line":617,"column":2},"end":{"line":619,"column":3}},"type":"if","locations":[{"start":{"line":617,"column":2},"end":{"line":619,"column":3}},{"start":{"line":617,"column":2},"end":{"line":619,"column":3}}],"line":617},"88":{"loc":{"start":{"line":621,"column":2},"end":{"line":623,"column":3}},"type":"if","locations":[{"start":{"line":621,"column":2},"end":{"line":623,"column":3}},{"start":{"line":621,"column":2},"end":{"line":623,"column":3}}],"line":621},"89":{"loc":{"start":{"line":625,"column":2},"end":{"line":632,"column":3}},"type":"if","locations":[{"start":{"line":625,"column":2},"end":{"line":632,"column":3}},{"start":{"line":625,"column":2},"end":{"line":632,"column":3}}],"line":625},"90":{"loc":{"start":{"line":625,"column":6},"end":{"line":625,"column":125}},"type":"binary-expr","locations":[{"start":{"line":625,"column":6},"end":{"line":625,"column":74}},{"start":{"line":625,"column":78},"end":{"line":625,"column":125}}],"line":625},"91":{"loc":{"start":{"line":627,"column":21},"end":{"line":627,"column":71}},"type":"binary-expr","locations":[{"start":{"line":627,"column":21},"end":{"line":627,"column":62}},{"start":{"line":627,"column":66},"end":{"line":627,"column":71}}],"line":627},"92":{"loc":{"start":{"line":629,"column":4},"end":{"line":631,"column":5}},"type":"if","locations":[{"start":{"line":629,"column":4},"end":{"line":631,"column":5}},{"start":{"line":629,"column":4},"end":{"line":631,"column":5}}],"line":629},"93":{"loc":{"start":{"line":630,"column":50},"end":{"line":630,"column":116}},"type":"binary-expr","locations":[{"start":{"line":630,"column":50},"end":{"line":630,"column":92}},{"start":{"line":630,"column":96},"end":{"line":630,"column":116}}],"line":630},"94":{"loc":{"start":{"line":639,"column":2},"end":{"line":642,"column":3}},"type":"if","locations":[{"start":{"line":639,"column":2},"end":{"line":642,"column":3}},{"start":{"line":639,"column":2},"end":{"line":642,"column":3}}],"line":639},"95":{"loc":{"start":{"line":639,"column":6},"end":{"line":639,"column":48}},"type":"binary-expr","locations":[{"start":{"line":639,"column":6},"end":{"line":639,"column":35}},{"start":{"line":639,"column":39},"end":{"line":639,"column":48}}],"line":639},"96":{"loc":{"start":{"line":658,"column":13},"end":{"line":658,"column":31}},"type":"binary-expr","locations":[{"start":{"line":658,"column":13},"end":{"line":658,"column":21}},{"start":{"line":658,"column":25},"end":{"line":658,"column":31}}],"line":658},"97":{"loc":{"start":{"line":669,"column":2},"end":{"line":672,"column":3}},"type":"if","locations":[{"start":{"line":669,"column":2},"end":{"line":672,"column":3}},{"start":{"line":669,"column":2},"end":{"line":672,"column":3}}],"line":669},"98":{"loc":{"start":{"line":669,"column":6},"end":{"line":669,"column":51}},"type":"binary-expr","locations":[{"start":{"line":669,"column":6},"end":{"line":669,"column":38}},{"start":{"line":669,"column":42},"end":{"line":669,"column":51}}],"line":669},"99":{"loc":{"start":{"line":674,"column":13},"end":{"line":674,"column":31}},"type":"binary-expr","locations":[{"start":{"line":674,"column":13},"end":{"line":674,"column":21}},{"start":{"line":674,"column":25},"end":{"line":674,"column":31}}],"line":674},"100":{"loc":{"start":{"line":675,"column":15},"end":{"line":675,"column":31}},"type":"binary-expr","locations":[{"start":{"line":675,"column":15},"end":{"line":675,"column":25}},{"start":{"line":675,"column":29},"end":{"line":675,"column":31}}],"line":675},"101":{"loc":{"start":{"line":686,"column":2},"end":{"line":696,"column":3}},"type":"if","locations":[{"start":{"line":686,"column":2},"end":{"line":696,"column":3}},{"start":{"line":686,"column":2},"end":{"line":696,"column":3}}],"line":686},"102":{"loc":{"start":{"line":686,"column":6},"end":{"line":686,"column":77}},"type":"binary-expr","locations":[{"start":{"line":686,"column":6},"end":{"line":686,"column":39}},{"start":{"line":686,"column":43},"end":{"line":686,"column":77}}],"line":686},"103":{"loc":{"start":{"line":689,"column":4},"end":{"line":691,"column":5}},"type":"if","locations":[{"start":{"line":689,"column":4},"end":{"line":691,"column":5}},{"start":{"line":689,"column":4},"end":{"line":691,"column":5}}],"line":689},"104":{"loc":{"start":{"line":693,"column":4},"end":{"line":695,"column":5}},"type":"if","locations":[{"start":{"line":693,"column":4},"end":{"line":695,"column":5}},{"start":{"line":693,"column":4},"end":{"line":695,"column":5}}],"line":693},"105":{"loc":{"start":{"line":698,"column":2},"end":{"line":703,"column":3}},"type":"if","locations":[{"start":{"line":698,"column":2},"end":{"line":703,"column":3}},{"start":{"line":698,"column":2},"end":{"line":703,"column":3}}],"line":698},"106":{"loc":{"start":{"line":707,"column":13},"end":{"line":707,"column":31}},"type":"binary-expr","locations":[{"start":{"line":707,"column":13},"end":{"line":707,"column":21}},{"start":{"line":707,"column":25},"end":{"line":707,"column":31}}],"line":707},"107":{"loc":{"start":{"line":710,"column":4},"end":{"line":712,"column":5}},"type":"if","locations":[{"start":{"line":710,"column":4},"end":{"line":712,"column":5}},{"start":{"line":710,"column":4},"end":{"line":712,"column":5}}],"line":710},"108":{"loc":{"start":{"line":715,"column":4},"end":{"line":717,"column":5}},"type":"if","locations":[{"start":{"line":715,"column":4},"end":{"line":717,"column":5}},{"start":{"line":715,"column":4},"end":{"line":717,"column":5}}],"line":715},"109":{"loc":{"start":{"line":725,"column":6},"end":{"line":727,"column":7}},"type":"if","locations":[{"start":{"line":725,"column":6},"end":{"line":727,"column":7}},{"start":{"line":725,"column":6},"end":{"line":727,"column":7}}],"line":725},"110":{"loc":{"start":{"line":729,"column":6},"end":{"line":731,"column":7}},"type":"if","locations":[{"start":{"line":729,"column":6},"end":{"line":731,"column":7}},{"start":{"line":729,"column":6},"end":{"line":731,"column":7}}],"line":729},"111":{"loc":{"start":{"line":729,"column":10},"end":{"line":729,"column":94}},"type":"binary-expr","locations":[{"start":{"line":729,"column":10},"end":{"line":729,"column":25}},{"start":{"line":729,"column":29},"end":{"line":729,"column":94}}],"line":729},"112":{"loc":{"start":{"line":735,"column":29},"end":{"line":735,"column":76}},"type":"binary-expr","locations":[{"start":{"line":735,"column":29},"end":{"line":735,"column":49}},{"start":{"line":735,"column":53},"end":{"line":735,"column":76}}],"line":735},"113":{"loc":{"start":{"line":751,"column":2},"end":{"line":767,"column":3}},"type":"if","locations":[{"start":{"line":751,"column":2},"end":{"line":767,"column":3}},{"start":{"line":751,"column":2},"end":{"line":767,"column":3}}],"line":751},"114":{"loc":{"start":{"line":751,"column":6},"end":{"line":751,"column":43}},"type":"binary-expr","locations":[{"start":{"line":751,"column":6},"end":{"line":751,"column":20}},{"start":{"line":751,"column":24},"end":{"line":751,"column":43}}],"line":751},"115":{"loc":{"start":{"line":759,"column":6},"end":{"line":761,"column":7}},"type":"if","locations":[{"start":{"line":759,"column":6},"end":{"line":761,"column":7}},{"start":{"line":759,"column":6},"end":{"line":761,"column":7}}],"line":759}},"s":{"0":1,"1":1,"2":1,"3":1,"4":1,"5":1,"6":1,"7":1,"8":1,"9":1,"10":1,"11":100,"12":100,"13":100,"14":100,"15":100,"16":100,"17":100,"18":100,"19":100,"20":1,"21":28,"22":28,"23":0,"24":28,"25":1,"26":101,"27":5,"28":3,"29":2,"30":96,"31":1,"32":83,"33":83,"34":54,"35":29,"36":29,"37":83,"38":83,"39":83,"40":76,"41":76,"42":17,"43":17,"44":59,"45":59,"46":1,"47":6,"48":6,"49":1,"50":1,"51":1,"52":5,"53":3,"54":3,"55":3,"56":2,"57":1,"58":1,"59":6,"60":6,"61":6,"62":6,"63":1,"64":5,"65":5,"66":5,"67":5,"68":1,"69":31,"70":31,"71":1,"72":18,"73":18,"74":13,"75":13,"76":18,"77":18,"78":18,"79":0,"80":0,"81":18,"82":1,"83":18,"84":18,"85":18,"86":18,"87":18,"88":3,"89":18,"90":18,"91":18,"92":1,"93":17,"94":17,"95":2,"96":2,"97":15,"98":15,"99":15,"100":1,"101":1,"102":15,"103":2,"104":3,"105":3,"106":2,"107":15,"108":15,"109":15,"110":14,"111":1,"112":13,"113":13,"114":13,"115":1,"116":12,"117":11,"118":1,"119":1,"120":4,"121":1,"122":4,"123":11,"124":1,"125":11,"126":1,"127":11,"128":1,"129":13,"130":13,"131":13,"132":13,"133":31,"134":13,"135":13,"136":13,"137":0,"138":0,"139":0,"140":0,"141":0,"142":13,"143":13,"144":0,"145":0,"146":0,"147":0,"148":0,"149":13,"150":1,"151":5,"152":1,"153":13,"154":13,"155":7,"156":7,"157":13,"158":13,"159":13,"160":13,"161":0,"162":13,"163":13,"164":13,"165":0,"166":13,"167":13,"168":13,"169":1,"170":12,"171":12,"172":12,"173":11,"174":12,"175":12,"176":12,"177":12,"178":1,"179":11,"180":11,"181":1,"182":11,"183":11,"184":11,"185":11,"186":2,"187":9,"188":9,"189":6,"190":9,"191":9,"192":1,"193":6,"194":7,"195":7,"196":7,"197":0,"198":7,"199":0,"200":7,"201":3,"202":3,"203":4,"204":4,"205":7,"206":7,"207":7,"208":7,"209":1,"210":6,"211":1,"212":10,"213":10,"214":3,"215":3,"216":3,"217":7,"218":3,"219":3,"220":3,"221":4,"222":1,"223":1,"224":1,"225":3,"226":1,"227":1,"228":10,"229":10,"230":10,"231":1,"232":1,"233":0,"234":1,"235":10,"236":10,"237":2,"238":2,"239":10,"240":10,"241":10,"242":0,"243":10,"244":10,"245":3,"246":10,"247":10,"248":1,"249":1,"250":1,"251":1,"252":1,"253":1,"254":1,"255":0,"256":0,"257":1,"258":12,"259":12,"260":11,"261":1,"262":1,"263":1,"264":1,"265":1,"266":1,"267":0,"268":0,"269":1,"270":1,"271":4,"272":4,"273":1,"274":8,"275":8,"276":1,"277":0,"278":0,"279":1,"280":17,"281":17,"282":0,"283":17,"284":1,"285":13,"286":13,"287":7,"288":13,"289":1,"290":1,"291":1,"292":1,"293":2,"294":2,"295":1,"296":10,"297":10,"298":10,"299":10,"300":4,"301":10,"302":10,"303":1,"304":1,"305":10,"306":10,"307":2,"308":0,"309":2,"310":2,"311":2,"312":10,"313":10,"314":10,"315":1,"316":10,"317":2,"318":10,"319":1,"320":1,"321":1,"322":10,"323":1,"324":5,"325":5,"326":0,"327":0,"328":5,"329":5,"330":1,"331":16,"332":16,"333":1,"334":4,"335":4,"336":4,"337":1,"338":4,"339":4,"340":0,"341":0,"342":4,"343":4,"344":4,"345":1,"346":4,"347":4,"348":4,"349":4,"350":4,"351":4,"352":4,"353":4,"354":4,"355":4,"356":0,"357":1,"358":4,"359":4,"360":2,"361":0,"362":2,"363":2,"364":2,"365":0,"366":0,"367":0,"368":0,"369":0,"370":0,"371":0,"372":0,"373":0,"374":0,"375":0,"376":0,"377":0,"378":1,"379":2,"380":0,"381":2,"382":2,"383":2,"384":0,"385":0,"386":0,"387":2},"f":{"0":100,"1":28,"2":101,"3":83,"4":76,"5":6,"6":6,"7":31,"8":18,"9":0,"10":18,"11":18,"12":18,"13":3,"14":14,"15":12,"16":4,"17":13,"18":31,"19":0,"20":0,"21":5,"22":13,"23":13,"24":13,"25":11,"26":6,"27":7,"28":10,"29":10,"30":1,"31":1,"32":0,"33":12,"34":12,"35":1,"36":4,"37":8,"38":0,"39":17,"40":13,"41":1,"42":2,"43":10,"44":1,"45":2,"46":5,"47":16,"48":4,"49":4,"50":4,"51":4,"52":2,"53":0,"54":2,"55":0},"b":{"0":[0,28],"1":[5,96],"2":[3,2],"3":[54,29],"4":[29,0],"5":[17,59],"6":[1,5],"7":[6,1,1],"8":[3,2],"9":[5,3],"10":[1,1],"11":[2,1],"12":[1,5],"13":[5,0],"14":[13,5],"15":[18,13],"16":[18,1],"17":[18,1],"18":[0,18],"19":[1,17],"20":[3,15],"21":[18,4,3],"22":[1,17],"23":[2,15],"24":[1,14],"25":[2,13],"26":[1,13],"27":[1,10],"28":[1,3],"29":[1,10],"30":[1,10],"31":[31,0,0],"32":[0,13],"33":[0,0],"34":[0,0],"35":[0,13],"36":[0,0],"37":[7,6],"38":[13,7],"39":[13,1],"40":[13,1],"41":[0,13],"42":[0,13],"43":[0,13],"44":[13,0,0],"45":[1,12],"46":[11,1],"47":[1,10],"48":[2,9],"49":[6,3],"50":[0,7],"51":[7,3,0],"52":[0,7],"53":[7,3,0],"54":[3,4],"55":[7,3],"56":[1,6],"57":[3,7],"58":[10,4,3],"59":[3,4],"60":[7,3],"61":[1,3],"62":[4,1],"63":[1,2],"64":[3,1],"65":[10,2],"66":[10,1],"67":[1,9],"68":[0,1],"69":[2,8],"70":[0,10],"71":[3,7],"72":[11,1],"73":[1,0],"74":[0,1],"75":[0,17],"76":[7,6],"77":[1,1],"78":[2,1],"79":[2,1],"80":[2,1],"81":[4,6],"82":[0,2],"83":[2,0],"84":[2,2],"85":[10,4],"86":[10,4],"87":[1,9],"88":[2,8],"89":[1,9],"90":[10,1],"91":[1,0],"92":[1,0],"93":[1,0],"94":[0,5],"95":[5,0],"96":[4,2],"97":[0,4],"98":[4,0],"99":[4,2],"100":[4,0],"101":[4,0],"102":[4,0],"103":[4,0],"104":[4,0],"105":[4,0],"106":[4,0],"107":[0,2],"108":[2,0],"109":[0,0],"110":[0,0],"111":[0,0],"112":[0,0],"113":[0,2],"114":[2,2],"115":[0,0]},"_coverageSchema":"d34fc3e6b8297bcde183f5492bcb8fcb36775295","hash":"5aa4ec46e6dc6b38bc67f5c4d8a1dbee149333a8","contentHash":"925a28697aa1387c10906d6d32149ef4_12.0.2"},"/Users/adam/Documents/GitHub/unit-test_examples/lib/item.js":{"path":"/Users/adam/Documents/GitHub/unit-test_examples/lib/item.js","statementMap":{"0":{"start":{"line":3,"column":13},"end":{"line":3,"column":28}},"1":{"start":{"line":4,"column":10},"end":{"line":4,"column":27}},"2":{"start":{"line":5,"column":15},"end":{"line":5,"column":32}},"3":{"start":{"line":7,"column":18},"end":{"line":7,"column":20}},"4":{"start":{"line":9,"column":0},"end":{"line":9,"column":30}},"5":{"start":{"line":11,"column":13},"end":{"line":17,"column":1}},"6":{"start":{"line":12,"column":2},"end":{"line":12,"column":33}},"7":{"start":{"line":14,"column":2},"end":{"line":14,"column":21}},"8":{"start":{"line":16,"column":2},"end":{"line":16,"column":24}},"9":{"start":{"line":19,"column":0},"end":{"line":19,"column":41}},"10":{"start":{"line":21,"column":0},"end":{"line":27,"column":2}},"11":{"start":{"line":22,"column":2},"end":{"line":26,"column":3}},"12":{"start":{"line":23,"column":4},"end":{"line":23,"column":27}},"13":{"start":{"line":25,"column":4},"end":{"line":25,"column":22}},"14":{"start":{"line":29,"column":0},"end":{"line":33,"column":2}},"15":{"start":{"line":30,"column":2},"end":{"line":30,"column":47}},"16":{"start":{"line":32,"column":2},"end":{"line":32,"column":14}},"17":{"start":{"line":35,"column":0},"end":{"line":48,"column":2}},"18":{"start":{"line":36,"column":15},"end":{"line":36,"column":19}},"19":{"start":{"line":37,"column":2},"end":{"line":37,"column":44}},"20":{"start":{"line":39,"column":2},"end":{"line":47,"column":5}},"21":{"start":{"line":40,"column":4},"end":{"line":42,"column":5}},"22":{"start":{"line":41,"column":6},"end":{"line":41,"column":27}},"23":{"start":{"line":44,"column":4},"end":{"line":44,"column":25}},"24":{"start":{"line":46,"column":4},"end":{"line":46,"column":32}},"25":{"start":{"line":50,"column":0},"end":{"line":72,"column":2}},"26":{"start":{"line":51,"column":15},"end":{"line":51,"column":19}},"27":{"start":{"line":53,"column":2},"end":{"line":56,"column":3}},"28":{"start":{"line":54,"column":4},"end":{"line":54,"column":23}},"29":{"start":{"line":55,"column":4},"end":{"line":55,"column":17}},"30":{"start":{"line":58,"column":2},"end":{"line":58,"column":26}},"31":{"start":{"line":59,"column":2},"end":{"line":59,"column":44}},"32":{"start":{"line":61,"column":2},"end":{"line":71,"column":5}},"33":{"start":{"line":62,"column":4},"end":{"line":64,"column":5}},"34":{"start":{"line":63,"column":6},"end":{"line":63,"column":27}},"35":{"start":{"line":66,"column":4},"end":{"line":68,"column":5}},"36":{"start":{"line":67,"column":6},"end":{"line":67,"column":27}},"37":{"start":{"line":70,"column":4},"end":{"line":70,"column":32}},"38":{"start":{"line":74,"column":0},"end":{"line":86,"column":2}},"39":{"start":{"line":75,"column":15},"end":{"line":75,"column":19}},"40":{"start":{"line":77,"column":2},"end":{"line":80,"column":3}},"41":{"start":{"line":78,"column":4},"end":{"line":78,"column":23}},"42":{"start":{"line":79,"column":4},"end":{"line":79,"column":17}},"43":{"start":{"line":82,"column":2},"end":{"line":82,"column":26}},"44":{"start":{"line":83,"column":2},"end":{"line":83,"column":44}},"45":{"start":{"line":85,"column":2},"end":{"line":85,"column":52}},"46":{"start":{"line":88,"column":0},"end":{"line":90,"column":2}},"47":{"start":{"line":89,"column":2},"end":{"line":89,"column":33}},"48":{"start":{"line":92,"column":0},"end":{"line":94,"column":2}},"49":{"start":{"line":93,"column":2},"end":{"line":93,"column":33}}},"fnMap":{"0":{"name":"(anonymous_0)","decl":{"start":{"line":9,"column":21},"end":{"line":9,"column":22}},"loc":{"start":{"line":9,"column":27},"end":{"line":9,"column":29}},"line":9},"1":{"name":"(anonymous_1)","decl":{"start":{"line":11,"column":30},"end":{"line":11,"column":31}},"loc":{"start":{"line":11,"column":54},"end":{"line":17,"column":1}},"line":11},"2":{"name":"(anonymous_2)","decl":{"start":{"line":21,"column":21},"end":{"line":21,"column":22}},"loc":{"start":{"line":21,"column":36},"end":{"line":27,"column":1}},"line":21},"3":{"name":"(anonymous_3)","decl":{"start":{"line":29,"column":21},"end":{"line":29,"column":22}},"loc":{"start":{"line":29,"column":39},"end":{"line":33,"column":1}},"line":29},"4":{"name":"(anonymous_4)","decl":{"start":{"line":35,"column":22},"end":{"line":35,"column":23}},"loc":{"start":{"line":35,"column":42},"end":{"line":48,"column":1}},"line":35},"5":{"name":"(anonymous_5)","decl":{"start":{"line":39,"column":32},"end":{"line":39,"column":33}},"loc":{"start":{"line":39,"column":47},"end":{"line":47,"column":3}},"line":39},"6":{"name":"(anonymous_6)","decl":{"start":{"line":50,"column":24},"end":{"line":50,"column":25}},"loc":{"start":{"line":50,"column":53},"end":{"line":72,"column":1}},"line":50},"7":{"name":"(anonymous_7)","decl":{"start":{"line":61,"column":41},"end":{"line":61,"column":42}},"loc":{"start":{"line":61,"column":56},"end":{"line":71,"column":3}},"line":61},"8":{"name":"(anonymous_8)","decl":{"start":{"line":74,"column":25},"end":{"line":74,"column":26}},"loc":{"start":{"line":74,"column":54},"end":{"line":86,"column":1}},"line":74},"9":{"name":"(anonymous_9)","decl":{"start":{"line":88,"column":24},"end":{"line":88,"column":25}},"loc":{"start":{"line":88,"column":36},"end":{"line":90,"column":1}},"line":88},"10":{"name":"(anonymous_10)","decl":{"start":{"line":92,"column":31},"end":{"line":92,"column":32}},"loc":{"start":{"line":92,"column":43},"end":{"line":94,"column
[...]
"end":{"line":78,"column":45}},"46":{"start":{"line":79,"column":2},"end":{"line":79,"column":45}},"47":{"start":{"line":80,"column":2},"end":{"line":80,"column":47}},"48":{"start":{"line":81,"column":2},"end":{"line":81,"column":43}},"49":{"start":{"line":82,"column":2},"end":{"line":82,"column":41}},"50":{"start":{"line":83,"column":2},"end":{"line":83,"column":57}},"51":{"start":{"line":84,"column":2},"end":{"line":84,"column":49}},"52":{"start":{"line":86,"column":2},"end":{"line":86,"column":53}},"53":{"start":{"line":87,"column":2},"end":{"line":87,"column":58}},"54":{"start":{"line":90,"column":2},"end":{"line":90,"column":55}},"55":{"start":{"line":91,"column":2},"end":{"line":91,"column":55}},"56":{"start":{"line":92,"column":2},"end":{"line":92,"column":59}},"57":{"start":{"line":93,"column":2},"end":{"line":93,"column":55}},"58":{"start":{"line":94,"column":2},"end":{"line":94,"column":51}},"59":{"start":{"line":95,"column":2},"end":{"line":95,"column":79}},"60":{"start":{"line":97,"column":2},"end":{"line":97,"column":28}},"61":{"start":{"line":99,"column":2},"end":{"line":99,"column":18}},"62":{"start":{"line":102,"column":2},"end":{"line":102,"column":43}},"63":{"start":{"line":103,"column":2},"end":{"line":103,"column":45}},"64":{"start":{"line":105,"column":2},"end":{"line":108,"column":5}},"65":{"start":{"line":106,"column":28},"end":{"line":106,"column":43}},"66":{"start":{"line":107,"column":25},"end":{"line":107,"column":37}},"67":{"start":{"line":110,"column":2},"end":{"line":124,"column":4}},"68":{"start":{"line":111,"column":4},"end":{"line":111,"column":26}},"69":{"start":{"line":113,"column":4},"end":{"line":115,"column":5}},"70":{"start":{"line":114,"column":6},"end":{"line":114,"column":43}},"71":{"start":{"line":117,"column":4},"end":{"line":121,"column":5}},"72":{"start":{"line":118,"column":6},"end":{"line":118,"column":41}},"73":{"start":{"line":119,"column":11},"end":{"line":121,"column":5}},"74":{"start":{"line":120,"column":6},"end":{"line":120,"column":68}},"75":{"start":{"line":123,"column":4},"end":{"line":123,"column":24}},"76":{"start":{"line":126,"column":2},"end":{"line":126,"column":37}},"77":{"start":{"line":129,"column":0},"end":{"line":133,"column":2}},"78":{"start":{"line":130,"column":2},"end":{"line":130,"column":32}},"79":{"start":{"line":132,"column":2},"end":{"line":132,"column":31}},"80":{"start":{"line":135,"column":0},"end":{"line":137,"column":2}},"81":{"start":{"line":136,"column":2},"end":{"line":136,"column":23}},"82":{"start":{"line":139,"column":0},"end":{"line":141,"column":2}},"83":{"start":{"line":140,"column":2},"end":{"line":140,"column":77}},"84":{"start":{"line":143,"column":0},"end":{"line":153,"column":2}},"85":{"start":{"line":144,"column":2},"end":{"line":146,"column":3}},"86":{"start":{"line":145,"column":4},"end":{"line":145,"column":84}},"87":{"start":{"line":148,"column":17},"end":{"line":148,"column":35}},"88":{"start":{"line":150,"column":24},"end":{"line":150,"column":93}},"89":{"start":{"line":152,"column":2},"end":{"line":152,"column":23}},"90":{"start":{"line":155,"column":0},"end":{"line":161,"column":2}},"91":{"start":{"line":156,"column":2},"end":{"line":158,"column":3}},"92":{"start":{"line":157,"column":4},"end":{"line":157,"column":36}},"93":{"start":{"line":160,"column":2},"end":{"line":160,"column":39}},"94":{"start":{"line":163,"column":0},"end":{"line":173,"column":2}},"95":{"start":{"line":164,"column":2},"end":{"line":167,"column":3}},"96":{"start":{"line":165,"column":4},"end":{"line":165,"column":23}},"97":{"start":{"line":166,"column":4},"end":{"line":166,"column":17}},"98":{"start":{"line":169,"column":2},"end":{"line":169,"column":32}},"99":{"start":{"line":170,"column":2},"end":{"line":170,"column":26}},"100":{"start":{"line":172,"column":2},"end":{"line":172,"column":58}},"101":{"start":{"line":175,"column":0},"end":{"line":175,"column":30}},"102":{"start":{"line":177,"column":0},"end":{"line":177,"column":17}}},"fnMap":{"0":{"name":"(anonymous_0)","decl":{"start":{"line":21,"column":8},"end":{"line":21,"column":9}},"loc":{"start":{"line":21,"column":14},"end":{"line":21,"column":18}},"line":21},"1":{"name":"(anonymous_1)","decl":{"start":{"line":22,"column":8},"end":{"line":22,"column":9}},"loc":{"start":{"line":22,"column":14},"end":{"line":22,"column":18}},"line":22},"2":{"name":"(anonymous_2)","decl":{"start":{"line":25,"column":49},"end":{"line":25,"column":50}},"loc":{"start":{"line":25,"column":61},"end":{"line":36,"column":1}},"line":25},"3":{"name":"(anonymous_3)","decl":{"start":{"line":38,"column":53},"end":{"line":38,"column":54}},"loc":{"start":{"line":38,"column":68},"end":{"line":48,"column":1}},"line":38},"4":{"name":"(anonymous_4)","decl":{"start":{"line":50,"column":48},"end":{"line":50,"column":49}},"loc":{"start":{"line":50,"column":63},"end":{"line":54,"column":1}},"line":50},"5":{"name":"(anonymous_5)","decl":{"start":{"line":51,"column":26},"end":{"line":51,"column":27}},"loc":{"start":{"line":51,"column":37},"end":{"line":53,"column":3}},"line":51},"6":{"name":"(anonymous_6)","decl":{"start":{"line":56,"column":26},"end":{"line":56,"column":27}},"loc":{"start":{"line":56,"column":38},"end":{"line":64,"column":1}},"line":56},"7":{"name":"(anonymous_7)","decl":{"start":{"line":66,"column":25},"end":{"line":66,"column":26}},"loc":{"start":{"line":66,"column":48},"end":{"line":127,"column":1}},"line":66},"8":{"name":"(anonymous_8)","decl":{"start":{"line":71,"column":16},"end":{"line":71,"column":17}},"loc":{"start":{"line":71,"column":33},"end":{"line":73,"column":3}},"line":71},"9":{"name":"(anonymous_9)","decl":{"start":{"line":106,"column":22},"end":{"line":106,"column":23}},"loc":{"start":{"line":106,"column":28},"end":{"line":106,"column":43}},"line":106},"10":{"name":"(anonymous_10)","decl":{"start":{"line":107,"column":19},"end":{"line":107,"column":20}},"loc":{"start":{"line":107,"column":25},"end":{"line":107,"column":37}},"line":107},"11":{"name":"(anonymous_11)","decl":{"start":{"line":110,"column":17},"end":{"line":110,"column":18}},"loc":{"start":{"line":110,"column":29},"end":{"line":124,"column":3}},"line":110},"12":{"name":"(anonymous_12)","decl":{"start":{"line":129,"column":21},"end":{"line":129,"column":22}},"loc":{"start":{"line":129,"column":38},"end":{"line":133,"column":1}},"line":129},"13":{"name":"(anonymous_13)","decl":{"start":{"line":135,"column":17},"end":{"line":135,"column":18}},"loc":{"start":{"line":135,"column":23},"end":{"line":137,"column":1}},"line":135},"14":{"name":"(anonymous_14)","decl":{"start":{"line":139,"column":15},"end":{"line":139,"column":16}},"loc":{"start":{"line":139,"column":27},"end":{"line":141,"column":1}},"line":139},"15":{"name":"(anonymous_15)","decl":{"start":{"line":143,"column":18},"end":{"line":143,"column":19}},"loc":{"start":{"line":143,"column":41},"end":{"line":153,"column":1}},"line":143},"16":{"name":"(anonymous_16)","decl":{"start":{"line":155,"column":17},"end":{"line":155,"column":18}},"loc":{"start":{"line":155,"column":34},"end":{"line":161,"column":1}},"line":155},"17":{"name":"(anonymous_17)","decl":{"start":{"line":163,"column":24},"end":{"line":163,"column":25}},"loc":{"start":{"line":163,"column":47},"end":{"line":173,"column":1}},"line":163}},"branchMap":{"0":{"loc":{"start":{"line":20,"column":15},"end":{"line":23,"column":1}},"type":"binary-expr","locations":[{"start":{"line":20,"column":15},"end":{"line":20,"column":27}},{"start":{"line":20,"column":31},"end":{"line":23,"column":1}}],"line":20},"1":{"loc":{"start":{"line":26,"column":2},"end":{"line":33,"column":3}},"type":"if","locations":[{"start":{"line":26,"column":2},"end":{"line":33,"column":3}},{"start":{"line":26,"column":2},"end":{"line":33,"column":3}}],"line":26},"2":{"loc":{"start":{"line":32,"column":25},"end":{"line":32,"column":102}},"type":"binary-expr","locations":[{"start":{"line":32,"column":25},"end":{"line":32,"column":43}},{"start":{"line":32,"column":47},"end":{"line":32,"column":102}}],"line":32},"3":{"loc":{"start":{"line":39,"column":2},"end":{"line":45,"column":3}},"type":"if","locations":[{"start":{"line":39,"column":2},"end":{"line":45,"column":3}},{"start":{"line":39,"column":2},"end":{"line":45,"column":3}}],"line":39},"4":{"loc":{"start":{"line":57,"column":2},"end":{"line":61,"column":3}},"type":"if","locations":[{"start":{"line":57,"column":2},"end":{"line":61,"column":3}},{"start":{"line":57,"column":2},"end":{"line":61,"column":3}}],"line":57},"5":{"loc":{"start":{"line":60,"column":26},"end":{"line":60,"column":101}},"type":"binary-expr","locations":[{"start":{"line":60,"column":26},"end":{"line":60,"column":45}},{"start":{"line":60,"column":49},"end":{"line":60,"column":101}}],"line":60},"6":{"loc":{"start":{"line":111,"column":13},"end":{"line":111,"column":25}},"type":"binary-expr","locations":[{"start":{"line":111,"column":13},"end":{"line":111,"column":19}},{"start":{"line":111,"column":23},"end":{"line":111,"column":25}}],"line":111},"7":{"loc":{"start":{"line":113,"column":4},"end":{"line":115,"column":5}},"type":"if","locations":[{"start":{"line":113,"column":4},"end":{"line":115,"column":5}},{"start":{"line":113,"column":4},"end":{"line":115,"column":5}}],"line":113},"8":{"loc":{"start":{"line":117,"column":4},"end":{"line":121,"column":5}},"type":"if","locations":[{"start":{"line":117,"column":4},"end":{"line":121,"column":5}},{"start":{"line":117,"column":4},"end":{"line":121,"column":5}}],"line":117},"9":{"loc":{"start":{"line":119,"column":11},"end":{"line":121,"column":5}},"type":"if","locations":[{"start":{"line":119,"column":11},"end":{"line":121,"column":5}},{"start":{"line":119,"column":11},"end":{"line":121,"column":5}}],"line":119},"10":{"loc":{"start":{"line":144,"column":2},"end":{"line":146,"column":3}},"type":"if","locations":[{"start":{"line":144,"column":2},"end":{"line":146,"column":3}},{"start":{"line":144,"column":2},"end":{"line":146,"column":3}}],"line":144},"11":{"loc":{"start":{"line":150,"column":66},"end":{"line":150,"column":92}},"type":"binary-expr","locations":[{"start":{"line":150,"column":66},"end":{"line":150,"column":76}},{"start":{"line":150,"column":80},"end":{"line":150,"column":92}}],"line":150},"12":{"loc":{"start":{"line":156,"column":2},"end":{"line":158,"column":3}},"type":"if","locations":[{"start":{"line":156,"column":2},"end":{"line":158,"column":3}},{"start":{"line":156,"column":2},"end":{"line":158,"column":3}}],"line":156},"13":{"loc":{"start":{"line":160,"column":9},"end":{"line":160,"column":38}},"type":"binary-expr","locations":[{"start":{"line":160,"column":9},"end":{"line":160,"column":30}},{"start":{"line":160,"column":34},"end":{"line":160,"column":38}}],"line":160},"14":{"loc":{"start":{"line":164,"column":2},"end":{"line":167,"column":3}},"type":"if","locations":[{"start":{"line":164,"column":2},"end":{"line":167,"column":3}},{"start":{"line":164,"column":2},"end":{"line":167,"column":3}}],"line":164},"15":{"loc":{"start":{"line":164,"column":6},"end":{"line":164,"column":48}},"type":"binary-expr","locations":[{"start":{"line":164,"column":6},"end":{"line":164,"column":35}},{"start":{"line":164,"column":39},"end":{"line":164,"column":48}}],"line":164},"16":{"loc":{"start":{"line":169,"column":13},"end":{"line":169,"column":31}},"type":"binary-expr","locations":[{"start":{"line":169,"column":13},"end":{"line":169,"column":21}},{"start":{"line":169,"column":25},"end":{"line":169,"column":31}}],"line":169},"17":{"loc":{"start":{"line":170,"column":12},"end":{"line":170,"column":25}},"type":"binary-expr","locations":[{"start":{"line":170,"column":12},"end":{"line":170,"column":19}},{"start":{"line":170,"column":23},"end":{"line":170,"column":25}}],"line":170}},"s":{"0":1,"1":1,"2":1,"3":1,"4":1,"5":1,"6":1,"7":1,"8":1,"9":1,"10":1,"11":1,"12":1,"13":1,"14":33,"15":3,"16":1,"17":3,"18":2,"19":2,"20":2,"21":1,"22":3,"23":1,"24":4,"25":4,"26":4,"27":4,"28":0,"29":4,"30":1,"31":6,"32":2,"33":1,"34":19,"35":2,"36":17,"37":19,"38":1,"39":17,"40":17,"41":17,"42":1,"43":17,"44":17,"45":17,"46":17,"47":17,"48":17,"49":17,"50":17,"51":17,"52":17,"53":17,"54":17,"55":17,"56":17,"57":17,"58":17,"59":17,"60":17,"61":17,"62":17,"63":17,"64":17,"65":9,"66":0,"67":17,"68":9,"69":9,"70":2,"71":9,"72":3,"73":6,"74":1,"75":9,"76":17,"77":1,"78":17,"79":17,"80":1,"81":24,"82":1,"83":0,"84":1,"85":18,"86":1,"87":17,"88":17,"89":17,"90":1,"91":19,"92":17,"93":19,"94":1,"95":4,"96":3,"97":3,"98":4,"99":4,"100":4,"101":1,"102":1},"f":{"0":33,"1":3,"2":3,"3":4,"4":6,"5":2,"6":19,"7":17,"8":1,"9":9,"10":0,"11":9,"12":17,"13":24,"14":0,"15":18,"16":19,"17":4},"b":{"0":[1,1],"1":[2,1],"2":[1,1],"3":[4,0],"4":[2,17],"5":[17,1],"6":[9,3],"7":[2,7],"8":[3,6],"9":[1,5],"10":[1,17],"11":[17,17],"12":[17,2],"13":[19,1],"14":[3,1],"15":[4,3],"16":[4,1],"17":[4,1]},"_coverageSchema":"d34fc3e6b8297bcde183f5492bcb8fcb36775295","hash":"86f8f445252c5ae3f59270b27e1f0c6ca0e9a5a4","contentHash":"a0559bc64132114e24b4170001b5f47a_12.0.2"},"/Users/adam/Documents/GitHub/unit-test_examples/lib/createTables.js":{"path":"/Users/adam/Documents/GitHub/unit-test_examples/lib/createTables.js","statementMap":{"0":{"start":{"line":3,"column":14},"end":{"line":3,"column":30}},"1":{"start":{"line":4,"column":10},"end":{"line":4,"column":27}},"2":{"start":{"line":6,"column":18},"end":{"line":6,"column":20}},"3":{"start":{"line":8,"column":0},"end":{"line":38,"column":2}},"4":{"start":{"line":9,"column":2},"end":{"line":9,"column":38}},"5":{"start":{"line":10,"column":2},"end":{"line":10,"column":26}},"6":{"start":{"line":12,"column":20},"end":{"line":12,"column":37}},"7":{"start":{"line":14,"column":2},"end":{"line":37,"column":5}},"8":{"start":{"line":15,"column":4},"end":{"line":36,"column":5}},"9":{"start":{"line":16,"column":6},"end":{"line":16,"column":54}},"10":{"start":{"line":17,"column":6},"end":{"line":25,"column":9}},"11":{"start":{"line":18,"column":8},"end":{"line":21,"column":9}},"12":{"start":{"line":19,"column":10},"end":{"line":19,"column":92}},"13":{"start":{"line":20,"column":10},"end":{"line":20,"column":33}},"14":{"start":{"line":23,"column":8},"end":{"line":23,"column":76}},"15":{"start":{"line":24,"column":8},"end":{"line":24,"column":65}},"16":{"start":{"line":27,"column":6},"end":{"line":35,"column":9}},"17":{"start":{"line":28,"column":8},"end":{"line":31,"column":9}},"18":{"start":{"line":29,"column":10},"end":{"line":29,"column":88}},"19":{"start":{"line":30,"column":10},"end":{"line":30,"column":31}},"20":{"start":{"line":33,"column":8},"end":{"line":33,"column":76}},"21":{"start":{"line":34,"column":8},"end":{"line":34,"column":65}},"22":{"start":{"line":40,"column":0},"end":{"line":58,"column":2}},"23":{"start":{"line":41,"column":15},"end":{"line":41,"column":24}},"24":{"start":{"line":43,"column":2},"end":{"line":57,"column":4}},"25":{"start":{"line":45,"column":6},"end":{"line":53,"column":9}},"26":{"start":{"line":46,"column":8},"end":{"line":48,"column":9}},"27":{"start":{"line":47,"column":10},"end":{"line":47,"column":31}},"28":{"start":{"line":50,"column":8},"end":{"line":50,"column":40}},"29":{"start":{"line":52,"column":8},"end":{"line":52,"column":62}},"30":{"start":{"line":55,"column":10},"end":{"line":55,"column":29}},"31":{"start":{"line":56,"column":11},"end":{"line":56,"column":24}},"32":{"start":{"line":60,"column":0},"end":{"line":62,"column":2}},"33":{"start":{"line":61,"column":2},"end":{"line":61,"column":141}},"34":{"start":{"line":61,"column":54},"end":{"line":61,"column":129}}},"fnMap":{"0":{"name":"(anonymous_0)","decl":{"start":{"line":8,"column":24},"end":{"line":8,"column":25}},"loc":{"start":{"line":8,"column":69},"end":{"line":38,"column":1}},"line":8},"1":{"name":"(anonymous_1)","decl":{"start":{"line":14,"column":22},"end":{"line":14,"column":23}},"loc":{"start":{"line":14,"column":37},"end":{"line":37,"column":3}},"line":14},"2":{"name":"(anonymous_2)","decl":{"start":{"line":17,"column":40},"end":{"line":17,"column":41}},"loc":{"start":{"line":17,"column":51},"end":{"line":25,"column":7}},"line":17},"3":{"name":"(anonymous_3)","decl":{"start":{"line":27,"column":24},"end":{"line":27,"column":25}},"loc":{"start":{"line":27,"column":33},"end":{"line":35,"column":7}},"line":27},"4":{"name":"(anonymous_4)","decl":{"start":{"line":40,"column":27},"end":{"line":40,"column":28}},"loc":{"start":{"line":40,"column":57},"end":{"line":58,"column":1}},"line":40},"5":{"name":"(anonymous_5)","decl":{"start":{"line":44,"column":4},"end":{"line":44,"column":5}},"loc":{"start":{"line":44,"column":18},"end":{"line":54,"column":5}},"line":44},"6":{"name":"(anonymous_6)","decl":{"start":{"line":45,"column":26},"end":{"line":45,"column":27}},"loc":{"start":{"line":45,"column":41},"end":{"line":53,"column":7}},"line":45},"7":{"name":"(anonymous_7)","decl":{"start":{"line":55,"column":4},"end":{"line":55,"column":5}},"loc":{"start":{"line":55,"column":10},"end":{"line":55,"column":29}},"line":55},"8":{"name":"(anonymous_8)","decl":{"start":{"line":56,"column":4},"end":{"line":56,"column":5}},"loc":{"start":{"line":56,"column":11},"end":{"line":56,"column":24}},"line":56},"9":{"name":"(anonymous_9)","decl":{"start":{"line":60,"column":17},"end":{"line":60,"column":18}},"loc":{"start":{"line":60,"column":47},"end":{"line":62,"column":1}},"line":60},"10":{"name":"(anonymous_10)","decl":{"start":{"line":61,"column":35},"end":{"line":61,"column":36}},"loc":{"start":{"line":61,"column":54},"end":{"line":61,"column":129}},"line":61}},"branchMap":{"0":{"loc":{"start":{"line":9,"column":18},"end":{"line":9,"column":37}},"type":"binary-expr","locations":[{"start":{"line":9,"column":18},"end":{"line":9,"column":31}},{"start":{"line":9,"column":35},"end":{"line":9,"column":37}}],"line":9},"1":{"loc":{"start":{"line":10,"column":12},"end":{"line":10,"column":25}},"type":"binary-expr","locations":[{"start":{"line":10,"column":12},"end":{"line":10,"column":19}},{"start":{"line":10,"column":23},"end":{"line":10,"column":25}}],"line":10},"2":{"loc":{"start":{"line":15,"column":4},"end":{"line":36,"column":5}},"type":"if","locations":[{"start":{"line":15,"column":4},"end":{"line":36,"column":5}},{"start":{"line":15,"column":4},"end":{"line":36,"column":5}}],"line":15},"3":{"loc":{"start":{"line":15,"column":8},"end":{"line":15,"column":45}},"type":"binary-expr","locations":[{"start":{"line":15,"column":8},"end":{"line":15,"column":22}},{"start":{"line":15,"column":26},"end":{"line":15,"column":45}}],"line":15},"4":{"loc":{"start":{"line":18,"column":8},"end":{"line":21,"column":9}},"type":"if","locations":[{"start":{"line":18,"column":8},"end":{"line":21,"column":9}},{"start":{"line":18,"column":8},"end":{"line":21,"column":9}}],"line":18},"5":{"loc":{"start":{"line":28,"column":8},"end":{"line":31,"column":9}},"type":"if","locations":[{"start":{"line":28,"column":8},"end":{"line":31,"column":9}},{"start":{"line":28,"column":8},"end":{"line":31,"column":9}}],"line":28},"6":{"loc":{"start":{"line":46,"column":8},"end":{"line":48,"column":9}},"type":"if","locations":[{"start":{"line":46,"column":8},"end":{"line":48,"column":9}},{"start":{"line":46,"column":8},"end":{"line":48,"column":9}}],"line":46},"7":{"loc":{"start":{"line":52,"column":29},"end":{"line":52,"column":60}},"type":"binary-expr","locations":[{"start":{"line":52,"column":29},"end":{"line":52,"column":52}},{"start":{"line":52,"column":56},"end":{"line":52,"column":60}}],"line":52}},"s":{"0":1,"1":1,"2":1,"3":1,"4":4,"5":4,"6":4,"7":4,"8":4,"9":4,"10":4,"11":4,"12":1,"13":1,"14":3,"15":3,"16":0,"17":0,"18":0,"19":0,"20":0,"21":0,"22":1,"23":3,"24":3,"25":6,"26":6,"27":1,"28":5,"29":5,"30":5,"31":3,"32":1,"33":4,"34":4},"f":{"0":4,"1":4,"2":4,"3":0,"4":3,"5":6,"6":6,"7":5,"8":3,"9":4,"10":4},"b":{"0":[4,4],"1":[4,4],"2":[4,0],"3":[4,0],"4":[1,3],"5":[0,0],"6":[1,5],"7":[5,5]},"_coverageSchema":"d34fc3e6b8297bcde183f5492bcb8fcb36775295","hash":"31d3a2576477b5d3beb180fdbb966abeb0ad2e31","contentHash":"81836c062bc2dc37405332d60b830c7a_12.0.2"}}